1691943820085	geckodriver	INFO	Listening on 127.0.0.1:52443
1691943820644	mozrunner::runner	INFO	Running command: MOZ_CRASHREPORTER="1" MOZ_CRASHREPORTER_NO_REPORT="1" MOZ_CRASHREPORTER_SHUTDOWN="1" MOZ_NO_REMOTE="1" "/usr ... te" "--remote-debugging-port" "49513" "--remote-allow-hosts" "localhost" "-no-remote" "-profile" "/tmp/rust_mozprofilecgcg90"
console.warn: services.settings: Ignoring preference override of remote settings server
console.warn: services.settings: Allow by setting MOZ_REMOTE_SETTINGS_DEVTOOLS=1 in the environment
[GFX1-]: vaapitest: ERROR
[GFX1-]: vaapitest: VA-API test failed: failed to initialise VAAPI connection.

ATTENTION: default value of option mesa_glthread overridden by environment.
1691943821409	Marionette	INFO	Marionette enabled
ATTENTION: default value of option mesa_glthread overridden by environment.
1691943821561	Marionette	INFO	Listening on port 39495
WebDriver BiDi listening on ws://127.0.0.1:49513
Read port: 39495
1691943821792	RemoteAgent	WARN	TLS certificate errors will be ignored for this session
console.error: ({})
DevTools listening on ws://127.0.0.1:49513/devtools/browser/e3279dd1-c68b-45a8-938d-a0ce17cca0e6
JavaScript warning: https://www.hotelcareer.de/aB7rS1WGB7nG/wzQ0StFQfY/Hi/S9uYOkSzthV3h5/R11pGm97dAw/ACMd/bDIkMw0, line 1: unreachable code after return statement
JavaScript warning: https://www.hotelcareer.de/aB7rS1WGB7nG/wzQ0StFQfY/Hi/S9uYOkSzthV3h5/R11pGm97dAw/ACMd/bDIkMw0, line 1: WEBGL_debug_renderer_info is deprecated in Firefox and will be removed. Please use RENDERER.
JavaScript warning: https://www.hotelcareer.de/aB7rS1WGB7nG/wzQ0StFQfY/Hi/S9uYOkSzthV3h5/R11pGm97dAw/ACMd/bDIkMw0, line 1: WEBGL_debug_renderer_info is deprecated in Firefox and will be removed. Please use RENDERER.
JavaScript warning: https://www.hotelcareer.de/aB7rS1WGB7nG/wzQ0StFQfY/Hi/S9uYNQSzthV3h5/R11pGm97dAw/GSJi/UmhiGCQ, line 1: unreachable code after return statement
JavaScript warning: https://www.hotelcareer.de/aB7rS1WGB7nG/wzQ0StFQfY/Hi/S9uYNQSzthV3h5/R11pGm97dAw/GSJi/UmhiGCQ, line 1: WEBGL_debug_renderer_info is deprecated in Firefox and will be removed. Please use RENDERER.
JavaScript warning: https://www.hotelcareer.de/aB7rS1WGB7nG/wzQ0StFQfY/Hi/S9uYNQSzthV3h5/R11pGm97dAw/GSJi/UmhiGCQ, line 1: WEBGL_debug_renderer_info is deprecated in Firefox and will be removed. Please use RENDERER.
JavaScript warning: https://www.hotelcareer.de/aB7rS1WGB7nG/wzQ0StFQfY/Hi/S9uYNQSzthV3h5/R11pGm97dAw/GSJi/UmhiGCQ, line 1: unreachable code after return statement
JavaScript warning: https://www.hotelcareer.de/aB7rS1WGB7nG/wzQ0StFQfY/Hi/S9uYNQSzthV3h5/R11pGm97dAw/GSJi/UmhiGCQ, line 1: WEBGL_debug_renderer_info is deprecated in Firefox and will be removed. Please use RENDERER.
JavaScript warning: https://www.hotelcareer.de/aB7rS1WGB7nG/wzQ0StFQfY/Hi/S9uYNQSzthV3h5/R11pGm97dAw/GSJi/UmhiGCQ, line 1: WEBGL_debug_renderer_info is deprecated in Firefox and will be removed. Please use RENDERER.
JavaScript warning: https://www.hotelcareer.de/aB7rS1WGB7nG/wzQ0StFQfY/Hi/S9uYNQSzthV3h5/R11pGm97dAw/GSJi/UmhiGCQ, line 1: unreachable code after return statement
JavaScript warning: https://www.hotelcareer.de/aB7rS1WGB7nG/wzQ0StFQfY/Hi/S9uYNQSzthV3h5/R11pGm97dAw/GSJi/UmhiGCQ, line 1: WEBGL_debug_renderer_info is deprecated in Firefox and will be removed. Please use RENDERER.
JavaScript warning: https://www.hotelcareer.de/aB7rS1WGB7nG/wzQ0StFQfY/Hi/S9uYNQSzthV3h5/R11pGm97dAw/GSJi/UmhiGCQ, line 1: WEBGL_debug_renderer_info is deprecated in Firefox and will be removed. Please use RENDERER.
JavaScript warning: https://www.hotelcareer.de/aB7rS1WGB7nG/wzQ0StFQfY/Hi/S9uYNQSzthV3h5/R11pGm97dAw/GSJi/UmhiGCQ, line 1: unreachable code after return statement
JavaScript warning: https://www.hotelcareer.de/aB7rS1WGB7nG/wzQ0StFQfY/Hi/S9uYNQSzthV3h5/R11pGm97dAw/GSJi/UmhiGCQ, line 1: WEBGL_debug_renderer_info is deprecated in Firefox and will be removed. Please use RENDERER.
JavaScript warning: https://www.hotelcareer.de/aB7rS1WGB7nG/wzQ0StFQfY/Hi/S9uYNQSzthV3h5/R11pGm97dAw/GSJi/UmhiGCQ, line 1: WEBGL_debug_renderer_info is deprecated in Firefox and will be removed. Please use RENDERER.
JavaScript warning: https://www.hotelcareer.de/aB7rS1WGB7nG/wzQ0StFQfY/Hi/S9uYNQSzthV3h5/R11pGm97dAw/GSJi/UmhiGCQ, line 1: unreachable code after return statement
JavaScript warning: https://www.hotelcareer.de/aB7rS1WGB7nG/wzQ0StFQfY/Hi/S9uYNQSzthV3h5/R11pGm97dAw/GSJi/UmhiGCQ, line 1: WEBGL_debug_renderer_info is deprecated in Firefox and will be removed. Please use RENDERER.
JavaScript warning: https://www.hotelcareer.de/aB7rS1WGB7nG/wzQ0StFQfY/Hi/S9uYNQSzthV3h5/R11pGm97dAw/GSJi/UmhiGCQ, line 1: WEBGL_debug_renderer_info is deprecated in Firefox and will be removed. Please use RENDERER.
console.error: "update.locale" " file doesn't exist in either the application or GRE directories"
JavaScript warning: https://www.hotelcareer.de/aB7rS1WGB7nG/wzQ0StFQfY/Hi/S9uYOkSzthV3h5/R11pGm97dAw/ACMd/bDIkMw0, line 1: unreachable code after return statement
JavaScript warning: https://www.hotelcareer.de/aB7rS1WGB7nG/wzQ0StFQfY/Hi/S9uYOkSzthV3h5/R11pGm97dAw/ACMd/bDIkMw0, line 1: WEBGL_debug_renderer_info is deprecated in Firefox and will be removed. Please use RENDERER.
JavaScript warning: https://www.hotelcareer.de/aB7rS1WGB7nG/wzQ0StFQfY/Hi/S9uYOkSzthV3h5/R11pGm97dAw/ACMd/bDIkMw0, line 1: WEBGL_debug_renderer_info is deprecated in Firefox and will be removed. Please use RENDERER.
JavaScript warning: https://www.hotelcareer.de/aB7rS1WGB7nG/wzQ0StFQfY/Hi/S9uYNQSzthV3h5/R11pGm97dAw/GSJi/UmhiGCQ, line 1: unreachable code after return statement
JavaScript warning: https://www.hotelcareer.de/aB7rS1WGB7nG/wzQ0StFQfY/Hi/S9uYNQSzthV3h5/R11pGm97dAw/GSJi/UmhiGCQ, line 1: WEBGL_debug_renderer_info is deprecated in Firefox and will be removed. Please use RENDERER.
JavaScript warning: https://www.hotelcareer.de/aB7rS1WGB7nG/wzQ0StFQfY/Hi/S9uYNQSzthV3h5/R11pGm97dAw/GSJi/UmhiGCQ, line 1: WEBGL_debug_renderer_info is deprecated in Firefox and will be removed. Please use RENDERER.
JavaScript warning: https://www.hotelcareer.de/aB7rS1WGB7nG/wzQ0StFQfY/Hi/S9uYNQSzthV3h5/R11pGm97dAw/GSJi/UmhiGCQ, line 1: unreachable code after return statement
JavaScript warning: https://www.hotelcareer.de/aB7rS1WGB7nG/wzQ0StFQfY/Hi/S9uYNQSzthV3h5/R11pGm97dAw/GSJi/UmhiGCQ, line 1: WEBGL_debug_renderer_info is deprecated in Firefox and will be removed. Please use RENDERER.
JavaScript warning: https://www.hotelcareer.de/aB7rS1WGB7nG/wzQ0StFQfY/Hi/S9uYNQSzthV3h5/R11pGm97dAw/GSJi/UmhiGCQ, line 1: WEBGL_debug_renderer_info is deprecated in Firefox and will be removed. Please use RENDERER.
JavaScript warning: https://www.hotelcareer.de/aB7rS1WGB7nG/wzQ0StFQfY/Hi/S9uYNQSzthV3h5/R11pGm97dAw/GSJi/UmhiGCQ, line 1: unreachable code after return statement
JavaScript warning: https://www.hotelcareer.de/aB7rS1WGB7nG/wzQ0StFQfY/Hi/S9uYNQSzthV3h5/R11pGm97dAw/GSJi/UmhiGCQ, line 1: WEBGL_debug_renderer_info is deprecated in Firefox and will be removed. Please use RENDERER.
JavaScript warning: https://www.hotelcareer.de/aB7rS1WGB7nG/wzQ0StFQfY/Hi/S9uYNQSzthV3h5/R11pGm97dAw/GSJi/UmhiGCQ, line 1: WEBGL_debug_renderer_info is deprecated in Firefox and will be removed. Please use RENDERER.
JavaScript warning: https://www.hotelcareer.de/aB7rS1WGB7nG/wzQ0StFQfY/Hi/S9uYNQSzthV3h5/R11pGm97dAw/GSJi/UmhiGCQ, line 1: unreachable code after return statement
JavaScript warning: https://www.hotelcareer.de/aB7rS1WGB7nG/wzQ0StFQfY/Hi/S9uYNQSzthV3h5/R11pGm97dAw/GSJi/UmhiGCQ, line 1: WEBGL_debug_renderer_info is deprecated in Firefox and will be removed. Please use RENDERER.
JavaScript warning: https://www.hotelcareer.de/aB7rS1WGB7nG/wzQ0StFQfY/Hi/S9uYNQSzthV3h5/R11pGm97dAw/GSJi/UmhiGCQ, line 1: WEBGL_debug_renderer_info is deprecated in Firefox and will be removed. Please use RENDERER.
JavaScript warning: https://www.hotelcareer.de/aB7rS1WGB7nG/wzQ0StFQfY/Hi/S9uYNQSzthV3h5/R11pGm97dAw/GSJi/UmhiGCQ, line 1: unreachable code after return statement
JavaScript warning: https://www.hotelcareer.de/aB7rS1WGB7nG/wzQ0StFQfY/Hi/S9uYNQSzthV3h5/R11pGm97dAw/GSJi/UmhiGCQ, line 1: WEBGL_debug_renderer_info is deprecated in Firefox and will be removed. Please use RENDERER.
JavaScript warning: https://www.hotelcareer.de/aB7rS1WGB7nG/wzQ0StFQfY/Hi/S9uYNQSzthV3h5/R11pGm97dAw/GSJi/UmhiGCQ, line 1: WEBGL_debug_renderer_info is deprecated in Firefox and will be removed. Please use RENDERER.
JavaScript warning: https://www.hotelcareer.de/aB7rS1WGB7nG/wzQ0StFQfY/Hi/S9uYNQSzthV3h5/R11pGm97dAw/GSJi/UmhiGCQ, line 1: unreachable code after return statement
JavaScript warning: https://www.hotelcareer.de/aB7rS1WGB7nG/wzQ0StFQfY/Hi/S9uYNQSzthV3h5/R11pGm97dAw/GSJi/UmhiGCQ, line 1: WEBGL_debug_renderer_info is deprecated in Firefox and will be removed. Please use RENDERER.
JavaScript warning: https://www.hotelcareer.de/aB7rS1WGB7nG/wzQ0StFQfY/Hi/S9uYNQSzthV3h5/R11pGm97dAw/GSJi/UmhiGCQ, line 1: WEBGL_debug_renderer_info is deprecated in Firefox and will be removed. Please use RENDERER.
JavaScript warning: https://www.hotelcareer.de/aB7rS1WGB7nG/wzQ0StFQfY/Hi/S9uYOkSzthV3h5/R11pGm97dAw/ACMd/bDIkMw0, line 1: unreachable code after return statement
JavaScript warning: https://www.hotelcareer.de/aB7rS1WGB7nG/wzQ0StFQfY/Hi/S9uYOkSzthV3h5/R11pGm97dAw/ACMd/bDIkMw0, line 1: WEBGL_debug_renderer_info is deprecated in Firefox and will be removed. Please use RENDERER.
JavaScript warning: https://www.hotelcareer.de/aB7rS1WGB7nG/wzQ0StFQfY/Hi/S9uYOkSzthV3h5/R11pGm97dAw/ACMd/bDIkMw0, line 1: WEBGL_debug_renderer_info is deprecated in Firefox and will be removed. Please use RENDERER.
Exiting due to channel error.
Exiting due to channel error.
Exiting due to channel error.
Exiting due to channel error.
Exiting due to channel error.
1691944052920	geckodriver	INFO	Listening on 127.0.0.1:42585
1691944053479	mozrunner::runner	INFO	Running command: MOZ_CRASHREPORTER="1" MOZ_CRASHREPORTER_NO_REPORT="1" MOZ_CRASHREPORTER_SHUTDOWN="1" MOZ_NO_REMOTE="1" "/usr ... te" "--remote-debugging-port" "46971" "--remote-allow-hosts" "localhost" "-no-remote" "-profile" "/tmp/rust_mozprofileQHGUPX"
console.warn: services.settings: Ignoring preference override of remote settings server
console.warn: services.settings: Allow by setting MOZ_REMOTE_SETTINGS_DEVTOOLS=1 in the environment
[GFX1-]: vaapitest: ERROR
[GFX1-]: vaapitest: VA-API test failed: failed to initialise VAAPI connection.

ATTENTION: default value of option mesa_glthread overridden by environment.
1691944054192	Marionette	INFO	Marionette enabled
ATTENTION: default value of option mesa_glthread overridden by environment.
1691944054354	Marionette	INFO	Listening on port 36743
WebDriver BiDi listening on ws://127.0.0.1:46971
Read port: 36743
1691944054534	RemoteAgent	WARN	TLS certificate errors will be ignored for this session
console.error: ({})
DevTools listening on ws://127.0.0.1:46971/devtools/browser/fe94d63e-95ef-4415-b71e-03e465ce5d12
JavaScript warning: https://www.hotelcareer.de/aB7rS1WGB7nG/wzQ0StFQfY/Hi/S9uYOkSzthV3h5/R11pGm97dAw/ACMd/bDIkMw0, line 1: unreachable code after return statement
JavaScript warning: https://www.hotelcareer.de/aB7rS1WGB7nG/wzQ0StFQfY/Hi/S9uYOkSzthV3h5/R11pGm97dAw/ACMd/bDIkMw0, line 1: WEBGL_debug_renderer_info is deprecated in Firefox and will be removed. Please use RENDERER.
JavaScript warning: https://www.hotelcareer.de/aB7rS1WGB7nG/wzQ0StFQfY/Hi/S9uYOkSzthV3h5/R11pGm97dAw/ACMd/bDIkMw0, line 1: WEBGL_debug_renderer_info is deprecated in Firefox and will be removed. Please use RENDERER.
JavaScript warning: https://www.hotelcareer.de/aB7rS1WGB7nG/wzQ0StFQfY/Hi/S9uYNQSzthV3h5/R11pGm97dAw/GSJi/UmhiGCQ, line 1: unreachable code after return statement
JavaScript warning: https://www.hotelcareer.de/aB7rS1WGB7nG/wzQ0StFQfY/Hi/S9uYNQSzthV3h5/R11pGm97dAw/GSJi/UmhiGCQ, line 1: WEBGL_debug_renderer_info is deprecated in Firefox and will be removed. Please use RENDERER.
JavaScript warning: https://www.hotelcareer.de/aB7rS1WGB7nG/wzQ0StFQfY/Hi/S9uYNQSzthV3h5/R11pGm97dAw/GSJi/UmhiGCQ, line 1: WEBGL_debug_renderer_info is deprecated in Firefox and will be removed. Please use RENDERER.
JavaScript warning: https://www.hotelcareer.de/aB7rS1WGB7nG/wzQ0StFQfY/Hi/S9uYNQSzthV3h5/R11pGm97dAw/GSJi/UmhiGCQ, line 1: unreachable code after return statement
JavaScript warning: https://www.hotelcareer.de/aB7rS1WGB7nG/wzQ0StFQfY/Hi/S9uYNQSzthV3h5/R11pGm97dAw/GSJi/UmhiGCQ, line 1: WEBGL_debug_renderer_info is deprecated in Firefox and will be removed. Please use RENDERER.
JavaScript warning: https://www.hotelcareer.de/aB7rS1WGB7nG/wzQ0StFQfY/Hi/S9uYNQSzthV3h5/R11pGm97dAw/GSJi/UmhiGCQ, line 1: WEBGL_debug_renderer_info is deprecated in Firefox and will be removed. Please use RENDERER.
JavaScript warning: https://www.hotelcareer.de/aB7rS1WGB7nG/wzQ0StFQfY/Hi/S9uYNQSzthV3h5/R11pGm97dAw/GSJi/UmhiGCQ, line 1: unreachable code after return statement
JavaScript warning: https://www.hotelcareer.de/aB7rS1WGB7nG/wzQ0StFQfY/Hi/S9uYNQSzthV3h5/R11pGm97dAw/GSJi/UmhiGCQ, line 1: WEBGL_debug_renderer_info is deprecated in Firefox and will be removed. Please use RENDERER.
JavaScript warning: https://www.hotelcareer.de/aB7rS1WGB7nG/wzQ0StFQfY/Hi/S9uYNQSzthV3h5/R11pGm97dAw/GSJi/UmhiGCQ, line 1: WEBGL_debug_renderer_info is deprecated in Firefox and will be removed. Please use RENDERER.
JavaScript warning: https://www.hotelcareer.de/aB7rS1WGB7nG/wzQ0StFQfY/Hi/S9uYNQSzthV3h5/R11pGm97dAw/GSJi/UmhiGCQ, line 1: unreachable code after return statement
JavaScript warning: https://www.hotelcareer.de/aB7rS1WGB7nG/wzQ0StFQfY/Hi/S9uYNQSzthV3h5/R11pGm97dAw/GSJi/UmhiGCQ, line 1: WEBGL_debug_renderer_info is deprecated in Firefox and will be removed. Please use RENDERER.
JavaScript warning: https://www.hotelcareer.de/aB7rS1WGB7nG/wzQ0StFQfY/Hi/S9uYNQSzthV3h5/R11pGm97dAw/GSJi/UmhiGCQ, line 1: WEBGL_debug_renderer_info is deprecated in Firefox and will be removed. Please use RENDERER.
JavaScript warning: https://www.hotelcareer.de/aB7rS1WGB7nG/wzQ0StFQfY/Hi/S9uYNQSzthV3h5/R11pGm97dAw/GSJi/UmhiGCQ, line 1: unreachable code after return statement
JavaScript warning: https://www.hotelcareer.de/aB7rS1WGB7nG/wzQ0StFQfY/Hi/S9uYNQSzthV3h5/R11pGm97dAw/GSJi/UmhiGCQ, line 1: WEBGL_debug_renderer_info is deprecated in Firefox and will be removed. Please use RENDERER.
JavaScript warning: https://www.hotelcareer.de/aB7rS1WGB7nG/wzQ0StFQfY/Hi/S9uYNQSzthV3h5/R11pGm97dAw/GSJi/UmhiGCQ, line 1: WEBGL_debug_renderer_info is deprecated in Firefox and will be removed. Please use RENDERER.
console.error: "update.locale" " file doesn't exist in either the application or GRE directories"
JavaScript warning: https://www.hotelcareer.de/aB7rS1WGB7nG/wzQ0StFQfY/Hi/S9uYOkSzthV3h5/R11pGm97dAw/ACMd/bDIkMw0, line 1: unreachable code after return statement
JavaScript warning: https://www.hotelcareer.de/aB7rS1WGB7nG/wzQ0StFQfY/Hi/S9uYOkSzthV3h5/R11pGm97dAw/ACMd/bDIkMw0, line 1: WEBGL_debug_renderer_info is deprecated in Firefox and will be removed. Please use RENDERER.
JavaScript warning: https://www.hotelcareer.de/aB7rS1WGB7nG/wzQ0StFQfY/Hi/S9uYOkSzthV3h5/R11pGm97dAw/ACMd/bDIkMw0, line 1: WEBGL_debug_renderer_info is deprecated in Firefox and will be removed. Please use RENDERER.
JavaScript warning: https://www.hotelcareer.de/aB7rS1WGB7nG/wzQ0StFQfY/Hi/S9uYNQSzthV3h5/R11pGm97dAw/GSJi/UmhiGCQ, line 1: unreachable code after return statement
JavaScript warning: https://www.hotelcareer.de/aB7rS1WGB7nG/wzQ0StFQfY/Hi/S9uYNQSzthV3h5/R11pGm97dAw/GSJi/UmhiGCQ, line 1: WEBGL_debug_renderer_info is deprecated in Firefox and will be removed. Please use RENDERER.
JavaScript warning: https://www.hotelcareer.de/aB7rS1WGB7nG/wzQ0StFQfY/Hi/S9uYNQSzthV3h5/R11pGm97dAw/GSJi/UmhiGCQ, line 1: WEBGL_debug_renderer_info is deprecated in Firefox and will be removed. Please use RENDERER.
JavaScript warning: https://www.hotelcareer.de/aB7rS1WGB7nG/wzQ0StFQfY/Hi/S9uYNQSzthV3h5/R11pGm97dAw/GSJi/UmhiGCQ, line 1: unreachable code after return statement
JavaScript warning: https://www.hotelcareer.de/aB7rS1WGB7nG/wzQ0StFQfY/Hi/S9uYNQSzthV3h5/R11pGm97dAw/GSJi/UmhiGCQ, line 1: WEBGL_debug_renderer_info is deprecated in Firefox and will be removed. Please use RENDERER.
JavaScript warning: https://www.hotelcareer.de/aB7rS1WGB7nG/wzQ0StFQfY/Hi/S9uYNQSzthV3h5/R11pGm97dAw/GSJi/UmhiGCQ, line 1: WEBGL_debug_renderer_info is deprecated in Firefox and will be removed. Please use RENDERER.
JavaScript warning: https://www.hotelcareer.de/aB7rS1WGB7nG/wzQ0StFQfY/Hi/S9uYNQSzthV3h5/R11pGm97dAw/GSJi/UmhiGCQ, line 1: unreachable code after return statement
JavaScript warning: https://www.hotelcareer.de/aB7rS1WGB7nG/wzQ0StFQfY/Hi/S9uYNQSzthV3h5/R11pGm97dAw/GSJi/UmhiGCQ, line 1: WEBGL_debug_renderer_info is deprecated in Firefox and will be removed. Please use RENDERER.
JavaScript warning: https://www.hotelcareer.de/aB7rS1WGB7nG/wzQ0StFQfY/Hi/S9uYNQSzthV3h5/R11pGm97dAw/GSJi/UmhiGCQ, line 1: WEBGL_debug_renderer_info is deprecated in Firefox and will be removed. Please use RENDERER.
JavaScript warning: https://www.hotelcareer.de/aB7rS1WGB7nG/wzQ0StFQfY/Hi/S9uYNQSzthV3h5/R11pGm97dAw/GSJi/UmhiGCQ, line 1: unreachable code after return statement
JavaScript warning: https://www.hotelcareer.de/aB7rS1WGB7nG/wzQ0StFQfY/Hi/S9uYNQSzthV3h5/R11pGm97dAw/GSJi/UmhiGCQ, line 1: WEBGL_debug_renderer_info is deprecated in Firefox and will be removed. Please use RENDERER.
JavaScript warning: https://www.hotelcareer.de/aB7rS1WGB7nG/wzQ0StFQfY/Hi/S9uYNQSzthV3h5/R11pGm97dAw/GSJi/UmhiGCQ, line 1: WEBGL_debug_renderer_info is deprecated in Firefox and will be removed. Please use RENDERER.
JavaScript warning: https://www.hotelcareer.de/aB7rS1WGB7nG/wzQ0StFQfY/Hi/S9uYNQSzthV3h5/R11pGm97dAw/GSJi/UmhiGCQ, line 1: unreachable code after return statement
JavaScript warning: https://www.hotelcareer.de/aB7rS1WGB7nG/wzQ0StFQfY/Hi/S9uYNQSzthV3h5/R11pGm97dAw/GSJi/UmhiGCQ, line 1: WEBGL_debug_renderer_info is deprecated in Firefox and will be removed. Please use RENDERER.
JavaScript warning: https://www.hotelcareer.de/aB7rS1WGB7nG/wzQ0StFQfY/Hi/S9uYNQSzthV3h5/R11pGm97dAw/GSJi/UmhiGCQ, line 1: WEBGL_debug_renderer_info is deprecated in Firefox and will be removed. Please use RENDERER.
JavaScript warning: https://www.hotelcareer.de/aB7rS1WGB7nG/wzQ0StFQfY/Hi/S9uYNQSzthV3h5/R11pGm97dAw/GSJi/UmhiGCQ, line 1: unreachable code after return statement
JavaScript warning: https://www.hotelcareer.de/aB7rS1WGB7nG/wzQ0StFQfY/Hi/S9uYNQSzthV3h5/R11pGm97dAw/GSJi/UmhiGCQ, line 1: WEBGL_debug_renderer_info is deprecated in Firefox and will be removed. Please use RENDERER.
JavaScript warning: https://www.hotelcareer.de/aB7rS1WGB7nG/wzQ0StFQfY/Hi/S9uYNQSzthV3h5/R11pGm97dAw/GSJi/UmhiGCQ, line 1: WEBGL_debug_renderer_info is deprecated in Firefox and will be removed. Please use RENDERER.
JavaScript warning: https://www.hotelcareer.de/aB7rS1WGB7nG/wzQ0StFQfY/Hi/S9uYNQSzthV3h5/R11pGm97dAw/GSJi/UmhiGCQ, line 1: unreachable code after return statement
JavaScript warning: https://www.hotelcareer.de/aB7rS1WGB7nG/wzQ0StFQfY/Hi/S9uYNQSzthV3h5/R11pGm97dAw/GSJi/UmhiGCQ, line 1: WEBGL_debug_renderer_info is deprecated in Firefox and will be removed. Please use RENDERER.
JavaScript warning: https://www.hotelcareer.de/aB7rS1WGB7nG/wzQ0StFQfY/Hi/S9uYNQSzthV3h5/R11pGm97dAw/GSJi/UmhiGCQ, line 1: WEBGL_debug_renderer_info is deprecated in Firefox and will be removed. Please use RENDERER.
JavaScript warning: https://www.hotelcareer.de/aB7rS1WGB7nG/wzQ0StFQfY/Hi/S9uYNQSzthV3h5/R11pGm97dAw/GSJi/UmhiGCQ, line 1: unreachable code after return statement
JavaScript warning: https://www.hotelcareer.de/aB7rS1WGB7nG/wzQ0StFQfY/Hi/S9uYNQSzthV3h5/R11pGm97dAw/GSJi/UmhiGCQ, line 1: WEBGL_debug_renderer_info is deprecated in Firefox and will be removed. Please use RENDERER.
JavaScript warning: https://www.hotelcareer.de/aB7rS1WGB7nG/wzQ0StFQfY/Hi/S9uYNQSzthV3h5/R11pGm97dAw/GSJi/UmhiGCQ, line 1: WEBGL_debug_renderer_info is deprecated in Firefox and will be removed. Please use RENDERER.
JavaScript warning: https://www.hotelcareer.de/aB7rS1WGB7nG/wzQ0StFQfY/Hi/S9uYNQSzthV3h5/R11pGm97dAw/GSJi/UmhiGCQ, line 1: unreachable code after return statement
JavaScript warning: https://www.hotelcareer.de/aB7rS1WGB7nG/wzQ0StFQfY/Hi/S9uYNQSzthV3h5/R11pGm97dAw/GSJi/UmhiGCQ, line 1: WEBGL_debug_renderer_info is deprecated in Firefox and will be removed. Please use RENDERER.
JavaScript warning: https://www.hotelcareer.de/aB7rS1WGB7nG/wzQ0StFQfY/Hi/S9uYNQSzthV3h5/R11pGm97dAw/GSJi/UmhiGCQ, line 1: WEBGL_debug_renderer_info is deprecated in Firefox and will be removed. Please use RENDERER.
JavaScript warning: https://www.hotelcareer.de/aB7rS1WGB7nG/wzQ0StFQfY/Hi/S9uYNQSzthV3h5/R11pGm97dAw/GSJi/UmhiGCQ, line 1: unreachable code after return statement
JavaScript warning: https://www.hotelcareer.de/aB7rS1WGB7nG/wzQ0StFQfY/Hi/S9uYNQSzthV3h5/R11pGm97dAw/GSJi/UmhiGCQ, line 1: WEBGL_debug_renderer_info is deprecated in Firefox and will be removed. Please use RENDERER.
JavaScript warning: https://www.hotelcareer.de/aB7rS1WGB7nG/wzQ0StFQfY/Hi/S9uYNQSzthV3h5/R11pGm97dAw/GSJi/UmhiGCQ, line 1: WEBGL_debug_renderer_info is deprecated in Firefox and will be removed. Please use RENDERER.
JavaScript warning: https://www.hotelcareer.de/aB7rS1WGB7nG/wzQ0StFQfY/Hi/S9uYOkSzthV3h5/R11pGm97dAw/ACMd/bDIkMw0, line 1: unreachable code after return statement
JavaScript warning: https://www.hotelcareer.de/aB7rS1WGB7nG/wzQ0StFQfY/Hi/S9uYOkSzthV3h5/R11pGm97dAw/ACMd/bDIkMw0, line 1: WEBGL_debug_renderer_info is deprecated in Firefox and will be removed. Please use RENDERER.
JavaScript warning: https://www.hotelcareer.de/aB7rS1WGB7nG/wzQ0StFQfY/Hi/S9uYOkSzthV3h5/R11pGm97dAw/ACMd/bDIkMw0, line 1: WEBGL_debug_renderer_info is deprecated in Firefox and will be removed. Please use RENDERER.
JavaScript warning: https://www.hotelcareer.de/aB7rS1WGB7nG/wzQ0StFQfY/Hi/S9uYNQSzthV3h5/R11pGm97dAw/GSJi/UmhiGCQ, line 1: unreachable code after return statement
JavaScript warning: https://www.hotelcareer.de/aB7rS1WGB7nG/wzQ0StFQfY/Hi/S9uYNQSzthV3h5/R11pGm97dAw/GSJi/UmhiGCQ, line 1: WEBGL_debug_renderer_info is deprecated in Firefox and will be removed. Please use RENDERER.
JavaScript warning: https://www.hotelcareer.de/aB7rS1WGB7nG/wzQ0StFQfY/Hi/S9uYNQSzthV3h5/R11pGm97dAw/GSJi/UmhiGCQ, line 1: WEBGL_debug_renderer_info is deprecated in Firefox and will be removed. Please use RENDERER.
JavaScript warning: https://www.hotelcareer.de/aB7rS1WGB7nG/wzQ0StFQfY/Hi/S9uYNQSzthV3h5/R11pGm97dAw/GSJi/UmhiGCQ, line 1: unreachable code after return statement
JavaScript warning: https://www.hotelcareer.de/aB7rS1WGB7nG/wzQ0StFQfY/Hi/S9uYNQSzthV3h5/R11pGm97dAw/GSJi/UmhiGCQ, line 1: WEBGL_debug_renderer_info is deprecated in Firefox and will be removed. Please use RENDERER.
JavaScript warning: https://www.hotelcareer.de/aB7rS1WGB7nG/wzQ0StFQfY/Hi/S9uYNQSzthV3h5/R11pGm97dAw/GSJi/UmhiGCQ, line 1: WEBGL_debug_renderer_info is deprecated in Firefox and will be removed. Please use RENDERER.
JavaScript warning: https://www.hotelcareer.de/aB7rS1WGB7nG/wzQ0StFQfY/Hi/S9uYNQSzthV3h5/R11pGm97dAw/GSJi/UmhiGCQ, line 1: unreachable code after return statement
JavaScript warning: https://www.hotelcareer.de/aB7rS1WGB7nG/wzQ0StFQfY/Hi/S9uYNQSzthV3h5/R11pGm97dAw/GSJi/UmhiGCQ, line 1: WEBGL_debug_renderer_info is deprecated in Firefox and will be removed. Please use RENDERER.
JavaScript warning: https://www.hotelcareer.de/aB7rS1WGB7nG/wzQ0StFQfY/Hi/S9uYNQSzthV3h5/R11pGm97dAw/GSJi/UmhiGCQ, line 1: WEBGL_debug_renderer_info is deprecated in Firefox and will be removed. Please use RENDERER.
JavaScript warning: https://www.hotelcareer.de/aB7rS1WGB7nG/wzQ0StFQfY/Hi/S9uYNQSzthV3h5/R11pGm97dAw/GSJi/UmhiGCQ, line 1: unreachable code after return statement
JavaScript warning: https://www.hotelcareer.de/aB7rS1WGB7nG/wzQ0StFQfY/Hi/S9uYNQSzthV3h5/R11pGm97dAw/GSJi/UmhiGCQ, line 1: WEBGL_debug_renderer_info is deprecated in Firefox and will be removed. Please use RENDERER.
JavaScript warning: https://www.hotelcareer.de/aB7rS1WGB7nG/wzQ0StFQfY/Hi/S9uYNQSzthV3h5/R11pGm97dAw/GSJi/UmhiGCQ, line 1: WEBGL_debug_renderer_info is deprecated in Firefox and will be removed. Please use RENDERER.
JavaScript warning: https://www.hotelcareer.de/aB7rS1WGB7nG/wzQ0StFQfY/Hi/S9uYNQSzthV3h5/R11pGm97dAw/GSJi/UmhiGCQ, line 1: unreachable code after return statement
JavaScript warning: https://www.hotelcareer.de/aB7rS1WGB7nG/wzQ0StFQfY/Hi/S9uYNQSzthV3h5/R11pGm97dAw/GSJi/UmhiGCQ, line 1: WEBGL_debug_renderer_info is deprecated in Firefox and will be removed. Please use RENDERER.
JavaScript warning: https://www.hotelcareer.de/aB7rS1WGB7nG/wzQ0StFQfY/Hi/S9uYNQSzthV3h5/R11pGm97dAw/GSJi/UmhiGCQ, line 1: WEBGL_debug_renderer_info is deprecated in Firefox and will be removed. Please use RENDERER.
JavaScript warning: https://www.hotelcareer.de/aB7rS1WGB7nG/wzQ0StFQfY/Hi/S9uYNQSzthV3h5/R11pGm97dAw/GSJi/UmhiGCQ, line 1: unreachable code after return statement
JavaScript warning: https://www.hotelcareer.de/aB7rS1WGB7nG/wzQ0StFQfY/Hi/S9uYNQSzthV3h5/R11pGm97dAw/GSJi/UmhiGCQ, line 1: WEBGL_debug_renderer_info is deprecated in Firefox and will be removed. Please use RENDERER.
JavaScript warning: https://www.hotelcareer.de/aB7rS1WGB7nG/wzQ0StFQfY/Hi/S9uYNQSzthV3h5/R11pGm97dAw/GSJi/UmhiGCQ, line 1: WEBGL_debug_renderer_info is deprecated in Firefox and will be removed. Please use RENDERER.
JavaScript warning: https://www.hotelcareer.de/aB7rS1WGB7nG/wzQ0StFQfY/Hi/S9uYNQSzthV3h5/R11pGm97dAw/GSJi/UmhiGCQ, line 1: unreachable code after return statement
JavaScript warning: https://www.hotelcareer.de/aB7rS1WGB7nG/wzQ0StFQfY/Hi/S9uYNQSzthV3h5/R11pGm97dAw/GSJi/UmhiGCQ, line 1: WEBGL_debug_renderer_info is deprecated in Firefox and will be removed. Please use RENDERER.
JavaScript warning: https://www.hotelcareer.de/aB7rS1WGB7nG/wzQ0StFQfY/Hi/S9uYNQSzthV3h5/R11pGm97dAw/GSJi/UmhiGCQ, line 1: WEBGL_debug_renderer_info is deprecated in Firefox and will be removed. Please use RENDERER.
JavaScript warning: https://www.hotelcareer.de/aB7rS1WGB7nG/wzQ0StFQfY/Hi/S9uYNQSzthV3h5/R11pGm97dAw/GSJi/UmhiGCQ, line 1: unreachable code after return statement
JavaScript warning: https://www.hotelcareer.de/aB7rS1WGB7nG/wzQ0StFQfY/Hi/S9uYNQSzthV3h5/R11pGm97dAw/GSJi/UmhiGCQ, line 1: WEBGL_debug_renderer_info is deprecated in Firefox and will be removed. Please use RENDERER.
JavaScript warning: https://www.hotelcareer.de/aB7rS1WGB7nG/wzQ0StFQfY/Hi/S9uYNQSzthV3h5/R11pGm97dAw/GSJi/UmhiGCQ, line 1: WEBGL_debug_renderer_info is deprecated in Firefox and will be removed. Please use RENDERER.
JavaScript warning: https://www.hotelcareer.de/aB7rS1WGB7nG/wzQ0StFQfY/Hi/S9uYNQSzthV3h5/R11pGm97dAw/GSJi/UmhiGCQ, line 1: unreachable code after return statement
JavaScript warning: https://www.hotelcareer.de/aB7rS1WGB7nG/wzQ0StFQfY/Hi/S9uYNQSzthV3h5/R11pGm97dAw/GSJi/UmhiGCQ, line 1: WEBGL_debug_renderer_info is deprecated in Firefox and will be removed. Please use RENDERER.
JavaScript warning: https://www.hotelcareer.de/aB7rS1WGB7nG/wzQ0StFQfY/Hi/S9uYNQSzthV3h5/R11pGm97dAw/GSJi/UmhiGCQ, line 1: WEBGL_debug_renderer_info is deprecated in Firefox and will be removed. Please use RENDERER.
JavaScript warning: https://www.hotelcareer.de/aB7rS1WGB7nG/wzQ0StFQfY/Hi/S9uYNQSzthV3h5/R11pGm97dAw/GSJi/UmhiGCQ, line 1: unreachable code after return statement
JavaScript warning: https://www.hotelcareer.de/aB7rS1WGB7nG/wzQ0StFQfY/Hi/S9uYNQSzthV3h5/R11pGm97dAw/GSJi/UmhiGCQ, line 1: WEBGL_debug_renderer_info is deprecated in Firefox and will be removed. Please use RENDERER.
JavaScript warning: https://www.hotelcareer.de/aB7rS1WGB7nG/wzQ0StFQfY/Hi/S9uYNQSzthV3h5/R11pGm97dAw/GSJi/UmhiGCQ, line 1: WEBGL_debug_renderer_info is deprecated in Firefox and will be removed. Please use RENDERER.
JavaScript warning: https://www.hotelcareer.de/aB7rS1WGB7nG/wzQ0StFQfY/Hi/S9uYNQSzthV3h5/R11pGm97dAw/GSJi/UmhiGCQ, line 1: unreachable code after return statement
JavaScript warning: https://www.hotelcareer.de/aB7rS1WGB7nG/wzQ0StFQfY/Hi/S9uYNQSzthV3h5/R11pGm97dAw/GSJi/UmhiGCQ, line 1: WEBGL_debug_renderer_info is deprecated in Firefox and will be removed. Please use RENDERER.
JavaScript warning: https://www.hotelcareer.de/aB7rS1WGB7nG/wzQ0StFQfY/Hi/S9uYNQSzthV3h5/R11pGm97dAw/GSJi/UmhiGCQ, line 1: WEBGL_debug_renderer_info is deprecated in Firefox and will be removed. Please use RENDERER.
JavaScript warning: https://www.hotelcareer.de/aB7rS1WGB7nG/wzQ0StFQfY/Hi/S9uYNQSzthV3h5/R11pGm97dAw/GSJi/UmhiGCQ, line 1: unreachable code after return statement
JavaScript warning: https://www.hotelcareer.de/aB7rS1WGB7nG/wzQ0StFQfY/Hi/S9uYNQSzthV3h5/R11pGm97dAw/GSJi/UmhiGCQ, line 1: WEBGL_debug_renderer_info is deprecated in Firefox and will be removed. Please use RENDERER.
JavaScript warning: https://www.hotelcareer.de/aB7rS1WGB7nG/wzQ0StFQfY/Hi/S9uYNQSzthV3h5/R11pGm97dAw/GSJi/UmhiGCQ, line 1: WEBGL_debug_renderer_info is deprecated in Firefox and will be removed. Please use RENDERER.
JavaScript warning: https://www.hotelcareer.de/aB7rS1WGB7nG/wzQ0StFQfY/Hi/S9uYNQSzthV3h5/R11pGm97dAw/GSJi/UmhiGCQ, line 1: unreachable code after return statement
JavaScript warning: https://www.hotelcareer.de/aB7rS1WGB7nG/wzQ0StFQfY/Hi/S9uYNQSzthV3h5/R11pGm97dAw/GSJi/UmhiGCQ, line 1: WEBGL_debug_renderer_info is deprecated in Firefox and will be removed. Please use RENDERER.
JavaScript warning: https://www.hotelcareer.de/aB7rS1WGB7nG/wzQ0StFQfY/Hi/S9uYNQSzthV3h5/R11pGm97dAw/GSJi/UmhiGCQ, line 1: WEBGL_debug_renderer_info is deprecated in Firefox and will be removed. Please use RENDERER.
JavaScript warning: https://www.hotelcareer.de/aB7rS1WGB7nG/wzQ0StFQfY/Hi/S9uYNQSzthV3h5/R11pGm97dAw/GSJi/UmhiGCQ, line 1: unreachable code after return statement
JavaScript warning: https://www.hotelcareer.de/aB7rS1WGB7nG/wzQ0StFQfY/Hi/S9uYNQSzthV3h5/R11pGm97dAw/GSJi/UmhiGCQ, line 1: WEBGL_debug_renderer_info is deprecated in Firefox and will be removed. Please use RENDERER.
JavaScript warning: https://www.hotelcareer.de/aB7rS1WGB7nG/wzQ0StFQfY/Hi/S9uYOkSzthV3h5/R11pGm97dAw/ACMd/bDIkMw0, line 1: unreachable code after return statement
JavaScript warning: https://www.hotelcareer.de/aB7rS1WGB7nG/wzQ0StFQfY/Hi/S9uYOkSzthV3h5/R11pGm97dAw/ACMd/bDIkMw0, line 1: WEBGL_debug_renderer_info is deprecated in Firefox and will be removed. Please use RENDERER.
JavaScript warning: https://www.hotelcareer.de/aB7rS1WGB7nG/wzQ0StFQfY/Hi/S9uYOkSzthV3h5/R11pGm97dAw/ACMd/bDIkMw0, line 1: WEBGL_debug_renderer_info is deprecated in Firefox and will be removed. Please use RENDERER.
JavaScript warning: https://www.hotelcareer.de/aB7rS1WGB7nG/wzQ0StFQfY/Hi/S9uYNQSzthV3h5/R11pGm97dAw/GSJi/UmhiGCQ, line 1: unreachable code after return statement
JavaScript warning: https://www.hotelcareer.de/aB7rS1WGB7nG/wzQ0StFQfY/Hi/S9uYNQSzthV3h5/R11pGm97dAw/GSJi/UmhiGCQ, line 1: WEBGL_debug_renderer_info is deprecated in Firefox and will be removed. Please use RENDERER.
JavaScript warning: https://www.hotelcareer.de/aB7rS1WGB7nG/wzQ0StFQfY/Hi/S9uYNQSzthV3h5/R11pGm97dAw/GSJi/UmhiGCQ, line 1: WEBGL_debug_renderer_info is deprecated in Firefox and will be removed. Please use RENDERER.
JavaScript warning: https://www.hotelcareer.de/aB7rS1WGB7nG/wzQ0StFQfY/Hi/S9uYNQSzthV3h5/R11pGm97dAw/GSJi/UmhiGCQ, line 1: unreachable code after return statement
JavaScript warning: https://www.hotelcareer.de/aB7rS1WGB7nG/wzQ0StFQfY/Hi/S9uYNQSzthV3h5/R11pGm97dAw/GSJi/UmhiGCQ, line 1: WEBGL_debug_renderer_info is deprecated in Firefox and will be removed. Please use RENDERER.
JavaScript warning: https://www.hotelcareer.de/aB7rS1WGB7nG/wzQ0StFQfY/Hi/S9uYNQSzthV3h5/R11pGm97dAw/GSJi/UmhiGCQ, line 1: WEBGL_debug_renderer_info is deprecated in Firefox and will be removed. Please use RENDERER.
JavaScript warning: https://www.hotelcareer.de/aB7rS1WGB7nG/wzQ0StFQfY/Hi/S9uYNQSzthV3h5/R11pGm97dAw/GSJi/UmhiGCQ, line 1: unreachable code after return statement
JavaScript warning: https://www.hotelcareer.de/aB7rS1WGB7nG/wzQ0StFQfY/Hi/S9uYNQSzthV3h5/R11pGm97dAw/GSJi/UmhiGCQ, line 1: WEBGL_debug_renderer_info is deprecated in Firefox and will be removed. Please use RENDERER.
JavaScript warning: https://www.hotelcareer.de/aB7rS1WGB7nG/wzQ0StFQfY/Hi/S9uYNQSzthV3h5/R11pGm97dAw/GSJi/UmhiGCQ, line 1: WEBGL_debug_renderer_info is deprecated in Firefox and will be removed. Please use RENDERER.
JavaScript warning: https://www.hotelcareer.de/aB7rS1WGB7nG/wzQ0StFQfY/Hi/S9uYNQSzthV3h5/R11pGm97dAw/GSJi/UmhiGCQ, line 1: unreachable code after return statement
JavaScript warning: https://www.hotelcareer.de/aB7rS1WGB7nG/wzQ0StFQfY/Hi/S9uYNQSzthV3h5/R11pGm97dAw/GSJi/UmhiGCQ, line 1: WEBGL_debug_renderer_info is deprecated in Firefox and will be removed. Please use RENDERER.
JavaScript warning: https://www.hotelcareer.de/aB7rS1WGB7nG/wzQ0StFQfY/Hi/S9uYNQSzthV3h5/R11pGm97dAw/GSJi/UmhiGCQ, line 1: WEBGL_debug_renderer_info is deprecated in Firefox and will be removed. Please use RENDERER.
JavaScript warning: https://www.hotelcareer.de/aB7rS1WGB7nG/wzQ0StFQfY/Hi/S9uYNQSzthV3h5/R11pGm97dAw/GSJi/UmhiGCQ, line 1: unreachable code after return statement
JavaScript warning: https://www.hotelcareer.de/aB7rS1WGB7nG/wzQ0StFQfY/Hi/S9uYNQSzthV3h5/R11pGm97dAw/GSJi/UmhiGCQ, line 1: WEBGL_debug_renderer_info is deprecated in Firefox and will be removed. Please use RENDERER.
JavaScript warning: https://www.hotelcareer.de/aB7rS1WGB7nG/wzQ0StFQfY/Hi/S9uYNQSzthV3h5/R11pGm97dAw/GSJi/UmhiGCQ, line 1: WEBGL_debug_renderer_info is deprecated in Firefox and will be removed. Please use RENDERER.
JavaScript warning: https://www.hotelcareer.de/aB7rS1WGB7nG/wzQ0StFQfY/Hi/S9uYNQSzthV3h5/R11pGm97dAw/GSJi/UmhiGCQ, line 1: unreachable code after return statement
JavaScript warning: https://www.hotelcareer.de/aB7rS1WGB7nG/wzQ0StFQfY/Hi/S9uYNQSzthV3h5/R11pGm97dAw/GSJi/UmhiGCQ, line 1: WEBGL_debug_renderer_info is deprecated in Firefox and will be removed. Please use RENDERER.
JavaScript warning: https://www.hotelcareer.de/aB7rS1WGB7nG/wzQ0StFQfY/Hi/S9uYNQSzthV3h5/R11pGm97dAw/GSJi/UmhiGCQ, line 1: WEBGL_debug_renderer_info is deprecated in Firefox and will be removed. Please use RENDERER.
JavaScript warning: https://www.hotelcareer.de/aB7rS1WGB7nG/wzQ0StFQfY/Hi/S9uYNQSzthV3h5/R11pGm97dAw/GSJi/UmhiGCQ, line 1: unreachable code after return statement
JavaScript warning: https://www.hotelcareer.de/aB7rS1WGB7nG/wzQ0StFQfY/Hi/S9uYNQSzthV3h5/R11pGm97dAw/GSJi/UmhiGCQ, line 1: WEBGL_debug_renderer_info is deprecated in Firefox and will be removed. Please use RENDERER.
JavaScript warning: https://www.hotelcareer.de/aB7rS1WGB7nG/wzQ0StFQfY/Hi/S9uYNQSzthV3h5/R11pGm97dAw/GSJi/UmhiGCQ, line 1: WEBGL_debug_renderer_info is deprecated in Firefox and will be removed. Please use RENDERER.
JavaScript warning: https://www.hotelcareer.de/aB7rS1WGB7nG/wzQ0StFQfY/Hi/S9uYNQSzthV3h5/R11pGm97dAw/GSJi/UmhiGCQ, line 1: unreachable code after return statement
JavaScript warning: https://www.hotelcareer.de/aB7rS1WGB7nG/wzQ0StFQfY/Hi/S9uYNQSzthV3h5/R11pGm97dAw/GSJi/UmhiGCQ, line 1: WEBGL_debug_renderer_info is deprecated in Firefox and will be removed. Please use RENDERER.
JavaScript warning: https://www.hotelcareer.de/aB7rS1WGB7nG/wzQ0StFQfY/Hi/S9uYNQSzthV3h5/R11pGm97dAw/GSJi/UmhiGCQ, line 1: WEBGL_debug_renderer_info is deprecated in Firefox and will be removed. Please use RENDERER.
JavaScript warning: https://www.hotelcareer.de/aB7rS1WGB7nG/wzQ0StFQfY/Hi/S9uYNQSzthV3h5/R11pGm97dAw/GSJi/UmhiGCQ, line 1: unreachable code after return statement
JavaScript warning: https://www.hotelcareer.de/aB7rS1WGB7nG/wzQ0StFQfY/Hi/S9uYNQSzthV3h5/R11pGm97dAw/GSJi/UmhiGCQ, line 1: WEBGL_debug_renderer_info is deprecated in Firefox and will be removed. Please use RENDERER.
JavaScript warning: https://www.hotelcareer.de/aB7rS1WGB7nG/wzQ0StFQfY/Hi/S9uYNQSzthV3h5/R11pGm97dAw/GSJi/UmhiGCQ, line 1: WEBGL_debug_renderer_info is deprecated in Firefox and will be removed. Please use RENDERER.
Exiting due to channel error.
Exiting due to channel error.
Exiting due to channel error.
Exiting due to channel error.
Exiting due to channel error.
1691944245593	geckodriver	INFO	Listening on 127.0.0.1:50091
1691944246151	mozrunner::runner	INFO	Running command: MOZ_CRASHREPORTER="1" MOZ_CRASHREPORTER_NO_REPORT="1" MOZ_CRASHREPORTER_SHUTDOWN="1" MOZ_NO_REMOTE="1" "/usr ... te" "--remote-debugging-port" "34393" "--remote-allow-hosts" "localhost" "-no-remote" "-profile" "/tmp/rust_mozprofilee9oqEv"
console.warn: services.settings: Ignoring preference override of remote settings server
console.warn: services.settings: Allow by setting MOZ_REMOTE_SETTINGS_DEVTOOLS=1 in the environment
[GFX1-]: vaapitest: ERROR
[GFX1-]: vaapitest: VA-API test failed: failed to initialise VAAPI connection.

ATTENTION: default value of option mesa_glthread overridden by environment.
1691944246926	Marionette	INFO	Marionette enabled
ATTENTION: default value of option mesa_glthread overridden by environment.
1691944247094	Marionette	INFO	Listening on port 32959
WebDriver BiDi listening on ws://127.0.0.1:34393
Read port: 32959
1691944247309	RemoteAgent	WARN	TLS certificate errors will be ignored for this session
console.error: ({})
DevTools listening on ws://127.0.0.1:34393/devtools/browser/1487b5e8-c8b3-452b-8662-4ac81d51a2a9
JavaScript warning: https://www.hotelcareer.de/aB7rS1WGB7nG/wzQ0StFQfY/Hi/S9uYOkSzthV3h5/R11pGm97dAw/ACMd/bDIkMw0, line 1: unreachable code after return statement
JavaScript warning: https://www.hotelcareer.de/aB7rS1WGB7nG/wzQ0StFQfY/Hi/S9uYOkSzthV3h5/R11pGm97dAw/ACMd/bDIkMw0, line 1: WEBGL_debug_renderer_info is deprecated in Firefox and will be removed. Please use RENDERER.
JavaScript warning: https://www.hotelcareer.de/aB7rS1WGB7nG/wzQ0StFQfY/Hi/S9uYOkSzthV3h5/R11pGm97dAw/ACMd/bDIkMw0, line 1: WEBGL_debug_renderer_info is deprecated in Firefox and will be removed. Please use RENDERER.
JavaScript warning: https://www.hotelcareer.de/aB7rS1WGB7nG/wzQ0StFQfY/Hi/S9uYNQSzthV3h5/R11pGm97dAw/GSJi/UmhiGCQ, line 1: unreachable code after return statement
JavaScript warning: https://www.hotelcareer.de/aB7rS1WGB7nG/wzQ0StFQfY/Hi/S9uYNQSzthV3h5/R11pGm97dAw/GSJi/UmhiGCQ, line 1: WEBGL_debug_renderer_info is deprecated in Firefox and will be removed. Please use RENDERER.
JavaScript warning: https://www.hotelcareer.de/aB7rS1WGB7nG/wzQ0StFQfY/Hi/S9uYNQSzthV3h5/R11pGm97dAw/GSJi/UmhiGCQ, line 1: WEBGL_debug_renderer_info is deprecated in Firefox and will be removed. Please use RENDERER.
JavaScript warning: https://www.hotelcareer.de/aB7rS1WGB7nG/wzQ0StFQfY/Hi/S9uYNQSzthV3h5/R11pGm97dAw/GSJi/UmhiGCQ, line 1: unreachable code after return statement
JavaScript warning: https://www.hotelcareer.de/aB7rS1WGB7nG/wzQ0StFQfY/Hi/S9uYNQSzthV3h5/R11pGm97dAw/GSJi/UmhiGCQ, line 1: WEBGL_debug_renderer_info is deprecated in Firefox and will be removed. Please use RENDERER.
JavaScript warning: https://www.hotelcareer.de/aB7rS1WGB7nG/wzQ0StFQfY/Hi/S9uYNQSzthV3h5/R11pGm97dAw/GSJi/UmhiGCQ, line 1: WEBGL_debug_renderer_info is deprecated in Firefox and will be removed. Please use RENDERER.
JavaScript warning: https://www.hotelcareer.de/aB7rS1WGB7nG/wzQ0StFQfY/Hi/S9uYNQSzthV3h5/R11pGm97dAw/GSJi/UmhiGCQ, line 1: unreachable code after return statement
JavaScript warning: https://www.hotelcareer.de/aB7rS1WGB7nG/wzQ0StFQfY/Hi/S9uYNQSzthV3h5/R11pGm97dAw/GSJi/UmhiGCQ, line 1: WEBGL_debug_renderer_info is deprecated in Firefox and will be removed. Please use RENDERER.
JavaScript warning: https://www.hotelcareer.de/aB7rS1WGB7nG/wzQ0StFQfY/Hi/S9uYNQSzthV3h5/R11pGm97dAw/GSJi/UmhiGCQ, line 1: WEBGL_debug_renderer_info is deprecated in Firefox and will be removed. Please use RENDERER.
JavaScript warning: https://www.hotelcareer.de/aB7rS1WGB7nG/wzQ0StFQfY/Hi/S9uYNQSzthV3h5/R11pGm97dAw/GSJi/UmhiGCQ, line 1: unreachable code after return statement
JavaScript warning: https://www.hotelcareer.de/aB7rS1WGB7nG/wzQ0StFQfY/Hi/S9uYNQSzthV3h5/R11pGm97dAw/GSJi/UmhiGCQ, line 1: WEBGL_debug_renderer_info is deprecated in Firefox and will be removed. Please use RENDERER.
JavaScript warning: https://www.hotelcareer.de/aB7rS1WGB7nG/wzQ0StFQfY/Hi/S9uYNQSzthV3h5/R11pGm97dAw/GSJi/UmhiGCQ, line 1: WEBGL_debug_renderer_info is deprecated in Firefox and will be removed. Please use RENDERER.
console.error: "update.locale" " file doesn't exist in either the application or GRE directories"
JavaScript warning: https://www.hotelcareer.de/aB7rS1WGB7nG/wzQ0StFQfY/Hi/S9uYNQSzthV3h5/R11pGm97dAw/GSJi/UmhiGCQ, line 1: unreachable code after return statement
JavaScript warning: https://www.hotelcareer.de/aB7rS1WGB7nG/wzQ0StFQfY/Hi/S9uYNQSzthV3h5/R11pGm97dAw/GSJi/UmhiGCQ, line 1: WEBGL_debug_renderer_info is deprecated in Firefox and will be removed. Please use RENDERER.
JavaScript warning: https://www.hotelcareer.de/aB7rS1WGB7nG/wzQ0StFQfY/Hi/S9uYNQSzthV3h5/R11pGm97dAw/GSJi/UmhiGCQ, line 1: WEBGL_debug_renderer_info is deprecated in Firefox and will be removed. Please use RENDERER.
JavaScript warning: https://www.hotelcareer.de/aB7rS1WGB7nG/wzQ0StFQfY/Hi/S9uYOkSzthV3h5/R11pGm97dAw/ACMd/bDIkMw0, line 1: unreachable code after return statement
JavaScript warning: https://www.hotelcareer.de/aB7rS1WGB7nG/wzQ0StFQfY/Hi/S9uYOkSzthV3h5/R11pGm97dAw/ACMd/bDIkMw0, line 1: WEBGL_debug_renderer_info is deprecated in Firefox and will be removed. Please use RENDERER.
JavaScript warning: https://www.hotelcareer.de/aB7rS1WGB7nG/wzQ0StFQfY/Hi/S9uYOkSzthV3h5/R11pGm97dAw/ACMd/bDIkMw0, line 1: WEBGL_debug_renderer_info is deprecated in Firefox and will be removed. Please use RENDERER.
JavaScript warning: https://www.hotelcareer.de/aB7rS1WGB7nG/wzQ0StFQfY/Hi/S9uYNQSzthV3h5/R11pGm97dAw/GSJi/UmhiGCQ, line 1: unreachable code after return statement
JavaScript warning: https://www.hotelcareer.de/aB7rS1WGB7nG/wzQ0StFQfY/Hi/S9uYNQSzthV3h5/R11pGm97dAw/GSJi/UmhiGCQ, line 1: WEBGL_debug_renderer_info is deprecated in Firefox and will be removed. Please use RENDERER.
JavaScript warning: https://www.hotelcareer.de/aB7rS1WGB7nG/wzQ0StFQfY/Hi/S9uYNQSzthV3h5/R11pGm97dAw/GSJi/UmhiGCQ, line 1: WEBGL_debug_renderer_info is deprecated in Firefox and will be removed. Please use RENDERER.
JavaScript warning: https://www.hotelcareer.de/aB7rS1WGB7nG/wzQ0StFQfY/Hi/S9uYNQSzthV3h5/R11pGm97dAw/GSJi/UmhiGCQ, line 1: unreachable code after return statement
JavaScript warning: https://www.hotelcareer.de/aB7rS1WGB7nG/wzQ0StFQfY/Hi/S9uYNQSzthV3h5/R11pGm97dAw/GSJi/UmhiGCQ, line 1: WEBGL_debug_renderer_info is deprecated in Firefox and will be removed. Please use RENDERER.
JavaScript warning: https://www.hotelcareer.de/aB7rS1WGB7nG/wzQ0StFQfY/Hi/S9uYNQSzthV3h5/R11pGm97dAw/GSJi/UmhiGCQ, line 1: WEBGL_debug_renderer_info is deprecated in Firefox and will be removed. Please use RENDERER.
JavaScript warning: https://www.hotelcareer.de/aB7rS1WGB7nG/wzQ0StFQfY/Hi/S9uYNQSzthV3h5/R11pGm97dAw/GSJi/UmhiGCQ, line 1: unreachable code after return statement
JavaScript warning: https://www.hotelcareer.de/aB7rS1WGB7nG/wzQ0StFQfY/Hi/S9uYNQSzthV3h5/R11pGm97dAw/GSJi/UmhiGCQ, line 1: WEBGL_debug_renderer_info is deprecated in Firefox and will be removed. Please use RENDERER.
JavaScript warning: https://www.hotelcareer.de/aB7rS1WGB7nG/wzQ0StFQfY/Hi/S9uYNQSzthV3h5/R11pGm97dAw/GSJi/UmhiGCQ, line 1: WEBGL_debug_renderer_info is deprecated in Firefox and will be removed. Please use RENDERER.
JavaScript warning: https://www.hotelcareer.de/aB7rS1WGB7nG/wzQ0StFQfY/Hi/S9uYNQSzthV3h5/R11pGm97dAw/GSJi/UmhiGCQ, line 1: unreachable code after return statement
JavaScript warning: https://www.hotelcareer.de/aB7rS1WGB7nG/wzQ0StFQfY/Hi/S9uYNQSzthV3h5/R11pGm97dAw/GSJi/UmhiGCQ, line 1: WEBGL_debug_renderer_info is deprecated in Firefox and will be removed. Please use RENDERER.
JavaScript warning: https://www.hotelcareer.de/aB7rS1WGB7nG/wzQ0StFQfY/Hi/S9uYNQSzthV3h5/R11pGm97dAw/GSJi/UmhiGCQ, line 1: WEBGL_debug_renderer_info is deprecated in Firefox and will be removed. Please use RENDERER.
JavaScript warning: https://www.hotelcareer.de/aB7rS1WGB7nG/wzQ0StFQfY/Hi/S9uYNQSzthV3h5/R11pGm97dAw/GSJi/UmhiGCQ, line 1: unreachable code after return statement
JavaScript warning: https://www.hotelcareer.de/aB7rS1WGB7nG/wzQ0StFQfY/Hi/S9uYNQSzthV3h5/R11pGm97dAw/GSJi/UmhiGCQ, line 1: WEBGL_debug_renderer_info is deprecated in Firefox and will be removed. Please use RENDERER.
JavaScript warning: https://www.hotelcareer.de/aB7rS1WGB7nG/wzQ0StFQfY/Hi/S9uYNQSzthV3h5/R11pGm97dAw/GSJi/UmhiGCQ, line 1: WEBGL_debug_renderer_info is deprecated in Firefox and will be removed. Please use RENDERER.
JavaScript warning: https://www.hotelcareer.de/aB7rS1WGB7nG/wzQ0StFQfY/Hi/S9uYNQSzthV3h5/R11pGm97dAw/GSJi/UmhiGCQ, line 1: unreachable code after return statement
JavaScript warning: https://www.hotelcareer.de/aB7rS1WGB7nG/wzQ0StFQfY/Hi/S9uYNQSzthV3h5/R11pGm97dAw/GSJi/UmhiGCQ, line 1: WEBGL_debug_renderer_info is deprecated in Firefox and will be removed. Please use RENDERER.
JavaScript warning: https://www.hotelcareer.de/aB7rS1WGB7nG/wzQ0StFQfY/Hi/S9uYNQSzthV3h5/R11pGm97dAw/GSJi/UmhiGCQ, line 1: WEBGL_debug_renderer_info is deprecated in Firefox and will be removed. Please use RENDERER.
JavaScript warning: https://www.hotelcareer.de/aB7rS1WGB7nG/wzQ0StFQfY/Hi/S9uYNQSzthV3h5/R11pGm97dAw/GSJi/UmhiGCQ, line 1: unreachable code after return statement
JavaScript warning: https://www.hotelcareer.de/aB7rS1WGB7nG/wzQ0StFQfY/Hi/S9uYNQSzthV3h5/R11pGm97dAw/GSJi/UmhiGCQ, line 1: WEBGL_debug_renderer_info is deprecated in Firefox and will be removed. Please use RENDERER.
JavaScript warning: https://www.hotelcareer.de/aB7rS1WGB7nG/wzQ0StFQfY/Hi/S9uYNQSzthV3h5/R11pGm97dAw/GSJi/UmhiGCQ, line 1: WEBGL_debug_renderer_info is deprecated in Firefox and will be removed. Please use RENDERER.
JavaScript warning: https://www.hotelcareer.de/aB7rS1WGB7nG/wzQ0StFQfY/Hi/S9uYNQSzthV3h5/R11pGm97dAw/GSJi/UmhiGCQ, line 1: unreachable code after return statement
JavaScript warning: https://www.hotelcareer.de/aB7rS1WGB7nG/wzQ0StFQfY/Hi/S9uYNQSzthV3h5/R11pGm97dAw/GSJi/UmhiGCQ, line 1: WEBGL_debug_renderer_info is deprecated in Firefox and will be removed. Please use RENDERER.
JavaScript warning: https://www.hotelcareer.de/aB7rS1WGB7nG/wzQ0StFQfY/Hi/S9uYNQSzthV3h5/R11pGm97dAw/GSJi/UmhiGCQ, line 1: WEBGL_debug_renderer_info is deprecated in Firefox and will be removed. Please use RENDERER.
JavaScript warning: https://www.hotelcareer.de/aB7rS1WGB7nG/wzQ0StFQfY/Hi/S9uYNQSzthV3h5/R11pGm97dAw/GSJi/UmhiGCQ, line 1: unreachable code after return statement
JavaScript warning: https://www.hotelcareer.de/aB7rS1WGB7nG/wzQ0StFQfY/Hi/S9uYNQSzthV3h5/R11pGm97dAw/GSJi/UmhiGCQ, line 1: WEBGL_debug_renderer_info is deprecated in Firefox and will be removed. Please use RENDERER.
JavaScript warning: https://www.hotelcareer.de/aB7rS1WGB7nG/wzQ0StFQfY/Hi/S9uYNQSzthV3h5/R11pGm97dAw/GSJi/UmhiGCQ, line 1: WEBGL_debug_renderer_info is deprecated in Firefox and will be removed. Please use RENDERER.
JavaScript warning: https://www.hotelcareer.de/aB7rS1WGB7nG/wzQ0StFQfY/Hi/S9uYNQSzthV3h5/R11pGm97dAw/GSJi/UmhiGCQ, line 1: unreachable code after return statement
JavaScript warning: https://www.hotelcareer.de/aB7rS1WGB7nG/wzQ0StFQfY/Hi/S9uYNQSzthV3h5/R11pGm97dAw/GSJi/UmhiGCQ, line 1: WEBGL_debug_renderer_info is deprecated in Firefox and will be removed. Please use RENDERER.
JavaScript warning: https://www.hotelcareer.de/aB7rS1WGB7nG/wzQ0StFQfY/Hi/S9uYNQSzthV3h5/R11pGm97dAw/GSJi/UmhiGCQ, line 1: WEBGL_debug_renderer_info is deprecated in Firefox and will be removed. Please use RENDERER.
JavaScript warning: https://www.hotelcareer.de/aB7rS1WGB7nG/wzQ0StFQfY/Hi/S9uYOkSzthV3h5/R11pGm97dAw/ACMd/bDIkMw0, line 1: unreachable code after return statement
JavaScript warning: https://www.hotelcareer.de/aB7rS1WGB7nG/wzQ0StFQfY/Hi/S9uYOkSzthV3h5/R11pGm97dAw/ACMd/bDIkMw0, line 1: WEBGL_debug_renderer_info is deprecated in Firefox and will be removed. Please use RENDERER.
JavaScript warning: https://www.hotelcareer.de/aB7rS1WGB7nG/wzQ0StFQfY/Hi/S9uYOkSzthV3h5/R11pGm97dAw/ACMd/bDIkMw0, line 1: WEBGL_debug_renderer_info is deprecated in Firefox and will be removed. Please use RENDERER.
JavaScript warning: https://www.hotelcareer.de/aB7rS1WGB7nG/wzQ0StFQfY/Hi/S9uYNQSzthV3h5/R11pGm97dAw/GSJi/UmhiGCQ, line 1: unreachable code after return statement
JavaScript warning: https://www.hotelcareer.de/aB7rS1WGB7nG/wzQ0StFQfY/Hi/S9uYNQSzthV3h5/R11pGm97dAw/GSJi/UmhiGCQ, line 1: WEBGL_debug_renderer_info is deprecated in Firefox and will be removed. Please use RENDERER.
JavaScript warning: https://www.hotelcareer.de/aB7rS1WGB7nG/wzQ0StFQfY/Hi/S9uYNQSzthV3h5/R11pGm97dAw/GSJi/UmhiGCQ, line 1: WEBGL_debug_renderer_info is deprecated in Firefox and will be removed. Please use RENDERER.
JavaScript warning: https://www.hotelcareer.de/aB7rS1WGB7nG/wzQ0StFQfY/Hi/S9uYNQSzthV3h5/R11pGm97dAw/GSJi/UmhiGCQ, line 1: unreachable code after return statement
JavaScript warning: https://www.hotelcareer.de/aB7rS1WGB7nG/wzQ0StFQfY/Hi/S9uYNQSzthV3h5/R11pGm97dAw/GSJi/UmhiGCQ, line 1: WEBGL_debug_renderer_info is deprecated in Firefox and will be removed. Please use RENDERER.
JavaScript warning: https://www.hotelcareer.de/aB7rS1WGB7nG/wzQ0StFQfY/Hi/S9uYNQSzthV3h5/R11pGm97dAw/GSJi/UmhiGCQ, line 1: WEBGL_debug_renderer_info is deprecated in Firefox and will be removed. Please use RENDERER.
JavaScript warning: https://www.hotelcareer.de/aB7rS1WGB7nG/wzQ0StFQfY/Hi/S9uYNQSzthV3h5/R11pGm97dAw/GSJi/UmhiGCQ, line 1: unreachable code after return statement
JavaScript warning: https://www.hotelcareer.de/aB7rS1WGB7nG/wzQ0StFQfY/Hi/S9uYNQSzthV3h5/R11pGm97dAw/GSJi/UmhiGCQ, line 1: WEBGL_debug_renderer_info is deprecated in Firefox and will be removed. Please use RENDERER.
JavaScript warning: https://www.hotelcareer.de/aB7rS1WGB7nG/wzQ0StFQfY/Hi/S9uYNQSzthV3h5/R11pGm97dAw/GSJi/UmhiGCQ, line 1: WEBGL_debug_renderer_info is deprecated in Firefox and will be removed. Please use RENDERER.
JavaScript warning: https://www.hotelcareer.de/aB7rS1WGB7nG/wzQ0StFQfY/Hi/S9uYNQSzthV3h5/R11pGm97dAw/GSJi/UmhiGCQ, line 1: unreachable code after return statement
JavaScript warning: https://www.hotelcareer.de/aB7rS1WGB7nG/wzQ0StFQfY/Hi/S9uYNQSzthV3h5/R11pGm97dAw/GSJi/UmhiGCQ, line 1: WEBGL_debug_renderer_info is deprecated in Firefox and will be removed. Please use RENDERER.
JavaScript warning: https://www.hotelcareer.de/aB7rS1WGB7nG/wzQ0StFQfY/Hi/S9uYNQSzthV3h5/R11pGm97dAw/GSJi/UmhiGCQ, line 1: WEBGL_debug_renderer_info is deprecated in Firefox and will be removed. Please use RENDERER.
JavaScript warning: https://www.hotelcareer.de/aB7rS1WGB7nG/wzQ0StFQfY/Hi/S9uYNQSzthV3h5/R11pGm97dAw/GSJi/UmhiGCQ, line 1: unreachable code after return statement
JavaScript warning: https://www.hotelcareer.de/aB7rS1WGB7nG/wzQ0StFQfY/Hi/S9uYNQSzthV3h5/R11pGm97dAw/GSJi/UmhiGCQ, line 1: WEBGL_debug_renderer_info is deprecated in Firefox and will be removed. Please use RENDERER.
JavaScript warning: https://www.hotelcareer.de/aB7rS1WGB7nG/wzQ0StFQfY/Hi/S9uYNQSzthV3h5/R11pGm97dAw/GSJi/UmhiGCQ, line 1: WEBGL_debug_renderer_info is deprecated in Firefox and will be removed. Please use RENDERER.
JavaScript warning: https://www.hotelcareer.de/aB7rS1WGB7nG/wzQ0StFQfY/Hi/S9uYNQSzthV3h5/R11pGm97dAw/GSJi/UmhiGCQ, line 1: unreachable code after return statement
JavaScript warning: https://www.hotelcareer.de/aB7rS1WGB7nG/wzQ0StFQfY/Hi/S9uYNQSzthV3h5/R11pGm97dAw/GSJi/UmhiGCQ, line 1: WEBGL_debug_renderer_info is deprecated in Firefox and will be removed. Please use RENDERER.
JavaScript warning: https://www.hotelcareer.de/aB7rS1WGB7nG/wzQ0StFQfY/Hi/S9uYNQSzthV3h5/R11pGm97dAw/GSJi/UmhiGCQ, line 1: WEBGL_debug_renderer_info is deprecated in Firefox and will be removed. Please use RENDERER.
JavaScript warning: https://www.hotelcareer.de/aB7rS1WGB7nG/wzQ0StFQfY/Hi/S9uYOkSzthV3h5/R11pGm97dAw/ACMd/bDIkMw0, line 1: unreachable code after return statement
JavaScript warning: https://www.hotelcareer.de/aB7rS1WGB7nG/wzQ0StFQfY/Hi/S9uYOkSzthV3h5/R11pGm97dAw/ACMd/bDIkMw0, line 1: WEBGL_debug_renderer_info is deprecated in Firefox and will be removed. Please use RENDERER.
JavaScript warning: https://www.hotelcareer.de/aB7rS1WGB7nG/wzQ0StFQfY/Hi/S9uYOkSzthV3h5/R11pGm97dAw/ACMd/bDIkMw0, line 1: WEBGL_debug_renderer_info is deprecated in Firefox and will be removed. Please use RENDERER.
1691944357647	Marionette	WARN	Ignoring event 'DOMContentLoaded' because document has an invalid readyState of 'complete'.
JavaScript warning: https://www.hotelcareer.de/aB7rS1WGB7nG/wzQ0StFQfY/Hi/S9uYNQSzthV3h5/R11pGm97dAw/GSJi/UmhiGCQ, line 1: unreachable code after return statement
JavaScript warning: https://www.hotelcareer.de/aB7rS1WGB7nG/wzQ0StFQfY/Hi/S9uYNQSzthV3h5/R11pGm97dAw/GSJi/UmhiGCQ, line 1: WEBGL_debug_renderer_info is deprecated in Firefox and will be removed. Please use RENDERER.
JavaScript warning: https://www.hotelcareer.de/aB7rS1WGB7nG/wzQ0StFQfY/Hi/S9uYNQSzthV3h5/R11pGm97dAw/GSJi/UmhiGCQ, line 1: WEBGL_debug_renderer_info is deprecated in Firefox and will be removed. Please use RENDERER.
JavaScript warning: https://www.hotelcareer.de/aB7rS1WGB7nG/wzQ0StFQfY/Hi/S9uYNQSzthV3h5/R11pGm97dAw/GSJi/UmhiGCQ, line 1: unreachable code after return statement
JavaScript warning: https://www.hotelcareer.de/aB7rS1WGB7nG/wzQ0StFQfY/Hi/S9uYNQSzthV3h5/R11pGm97dAw/GSJi/UmhiGCQ, line 1: WEBGL_debug_renderer_info is deprecated in Firefox and will be removed. Please use RENDERER.
JavaScript warning: https://www.hotelcareer.de/aB7rS1WGB7nG/wzQ0StFQfY/Hi/S9uYNQSzthV3h5/R11pGm97dAw/GSJi/UmhiGCQ, line 1: WEBGL_debug_renderer_info is deprecated in Firefox and will be removed. Please use RENDERER.
JavaScript warning: https://www.hotelcareer.de/aB7rS1WGB7nG/wzQ0StFQfY/Hi/S9uYOkSzthV3h5/R11pGm97dAw/ACMd/bDIkMw0, line 1: unreachable code after return statement
JavaScript warning: https://www.hotelcareer.de/aB7rS1WGB7nG/wzQ0StFQfY/Hi/S9uYOkSzthV3h5/R11pGm97dAw/ACMd/bDIkMw0, line 1: WEBGL_debug_renderer_info is deprecated in Firefox and will be removed. Please use RENDERER.
JavaScript warning: https://www.hotelcareer.de/aB7rS1WGB7nG/wzQ0StFQfY/Hi/S9uYOkSzthV3h5/R11pGm97dAw/ACMd/bDIkMw0, line 1: WEBGL_debug_renderer_info is deprecated in Firefox and will be removed. Please use RENDERER.
JavaScript warning: https://www.hotelcareer.de/aB7rS1WGB7nG/wzQ0StFQfY/Hi/S9uYNQSzthV3h5/R11pGm97dAw/GSJi/UmhiGCQ, line 1: unreachable code after return statement
JavaScript warning: https://www.hotelcareer.de/aB7rS1WGB7nG/wzQ0StFQfY/Hi/S9uYNQSzthV3h5/R11pGm97dAw/GSJi/UmhiGCQ, line 1: WEBGL_debug_renderer_info is deprecated in Firefox and will be removed. Please use RENDERER.
JavaScript warning: https://www.hotelcareer.de/aB7rS1WGB7nG/wzQ0StFQfY/Hi/S9uYNQSzthV3h5/R11pGm97dAw/GSJi/UmhiGCQ, line 1: WEBGL_debug_renderer_info is deprecated in Firefox and will be removed. Please use RENDERER.
JavaScript warning: https://www.hotelcareer.de/aB7rS1WGB7nG/wzQ0StFQfY/Hi/S9uYNQSzthV3h5/R11pGm97dAw/GSJi/UmhiGCQ, line 1: unreachable code after return statement
JavaScript warning: https://www.hotelcareer.de/aB7rS1WGB7nG/wzQ0StFQfY/Hi/S9uYNQSzthV3h5/R11pGm97dAw/GSJi/UmhiGCQ, line 1: WEBGL_debug_renderer_info is deprecated in Firefox and will be removed. Please use RENDERER.
JavaScript warning: https://www.hotelcareer.de/aB7rS1WGB7nG/wzQ0StFQfY/Hi/S9uYNQSzthV3h5/R11pGm97dAw/GSJi/UmhiGCQ, line 1: WEBGL_debug_renderer_info is deprecated in Firefox and will be removed. Please use RENDERER.
JavaScript warning: https://www.hotelcareer.de/aB7rS1WGB7nG/wzQ0StFQfY/Hi/S9uYNQSzthV3h5/R11pGm97dAw/GSJi/UmhiGCQ, line 1: unreachable code after return statement
JavaScript warning: https://www.hotelcareer.de/aB7rS1WGB7nG/wzQ0StFQfY/Hi/S9uYNQSzthV3h5/R11pGm97dAw/GSJi/UmhiGCQ, line 1: WEBGL_debug_renderer_info is deprecated in Firefox and will be removed. Please use RENDERER.
JavaScript warning: https://www.hotelcareer.de/aB7rS1WGB7nG/wzQ0StFQfY/Hi/S9uYNQSzthV3h5/R11pGm97dAw/GSJi/UmhiGCQ, line 1: WEBGL_debug_renderer_info is deprecated in Firefox and will be removed. Please use RENDERER.
JavaScript warning: https://www.hotelcareer.de/aB7rS1WGB7nG/wzQ0StFQfY/Hi/S9uYOkSzthV3h5/R11pGm97dAw/ACMd/bDIkMw0, line 1: unreachable code after return statement
JavaScript warning: https://www.hotelcareer.de/aB7rS1WGB7nG/wzQ0StFQfY/Hi/S9uYOkSzthV3h5/R11pGm97dAw/ACMd/bDIkMw0, line 1: WEBGL_debug_renderer_info is deprecated in Firefox and will be removed. Please use RENDERER.
JavaScript warning: https://www.hotelcareer.de/aB7rS1WGB7nG/wzQ0StFQfY/Hi/S9uYOkSzthV3h5/R11pGm97dAw/ACMd/bDIkMw0, line 1: WEBGL_debug_renderer_info is deprecated in Firefox and will be removed. Please use RENDERER.
JavaScript warning: https://www.hotelcareer.de/aB7rS1WGB7nG/wzQ0StFQfY/Hi/S9uYNQSzthV3h5/R11pGm97dAw/GSJi/UmhiGCQ, line 1: unreachable code after return statement
JavaScript warning: https://www.hotelcareer.de/aB7rS1WGB7nG/wzQ0StFQfY/Hi/S9uYNQSzthV3h5/R11pGm97dAw/GSJi/UmhiGCQ, line 1: WEBGL_debug_renderer_info is deprecated in Firefox and will be removed. Please use RENDERER.
JavaScript warning: https://www.hotelcareer.de/aB7rS1WGB7nG/wzQ0StFQfY/Hi/S9uYNQSzthV3h5/R11pGm97dAw/GSJi/UmhiGCQ, line 1: WEBGL_debug_renderer_info is deprecated in Firefox and will be removed. Please use RENDERER.
JavaScript warning: https://www.hotelcareer.de/aB7rS1WGB7nG/wzQ0StFQfY/Hi/S9uYNQSzthV3h5/R11pGm97dAw/GSJi/UmhiGCQ, line 1: unreachable code after return statement
JavaScript warning: https://www.hotelcareer.de/aB7rS1WGB7nG/wzQ0StFQfY/Hi/S9uYNQSzthV3h5/R11pGm97dAw/GSJi/UmhiGCQ, line 1: WEBGL_debug_renderer_info is deprecated in Firefox and will be removed. Please use RENDERER.
JavaScript warning: https://www.hotelcareer.de/aB7rS1WGB7nG/wzQ0StFQfY/Hi/S9uYNQSzthV3h5/R11pGm97dAw/GSJi/UmhiGCQ, line 1: WEBGL_debug_renderer_info is deprecated in Firefox and will be removed. Please use RENDERER.
JavaScript warning: https://www.hotelcareer.de/aB7rS1WGB7nG/wzQ0StFQfY/Hi/S9uYOkSzthV3h5/R11pGm97dAw/ACMd/bDIkMw0, line 1: unreachable code after return statement
JavaScript warning: https://www.hotelcareer.de/aB7rS1WGB7nG/wzQ0StFQfY/Hi/S9uYOkSzthV3h5/R11pGm97dAw/ACMd/bDIkMw0, line 1: WEBGL_debug_renderer_info is deprecated in Firefox and will be removed. Please use RENDERER.
JavaScript warning: https://www.hotelcareer.de/aB7rS1WGB7nG/wzQ0StFQfY/Hi/S9uYOkSzthV3h5/R11pGm97dAw/ACMd/bDIkMw0, line 1: WEBGL_debug_renderer_info is deprecated in Firefox and will be removed. Please use RENDERER.
JavaScript warning: https://www.hotelcareer.de/aB7rS1WGB7nG/wzQ0StFQfY/Hi/S9uYNQSzthV3h5/R11pGm97dAw/GSJi/UmhiGCQ, line 1: unreachable code after return statement
JavaScript warning: https://www.hotelcareer.de/aB7rS1WGB7nG/wzQ0StFQfY/Hi/S9uYNQSzthV3h5/R11pGm97dAw/GSJi/UmhiGCQ, line 1: unreachable code after return statement
JavaScript warning: https://www.hotelcareer.de/aB7rS1WGB7nG/wzQ0StFQfY/Hi/S9uYNQSzthV3h5/R11pGm97dAw/GSJi/UmhiGCQ, line 1: WEBGL_debug_renderer_info is deprecated in Firefox and will be removed. Please use RENDERER.
JavaScript warning: https://www.hotelcareer.de/aB7rS1WGB7nG/wzQ0StFQfY/Hi/S9uYNQSzthV3h5/R11pGm97dAw/GSJi/UmhiGCQ, line 1: WEBGL_debug_renderer_info is deprecated in Firefox and will be removed. Please use RENDERER.
JavaScript warning: https://www.hotelcareer.de/aB7rS1WGB7nG/wzQ0StFQfY/Hi/S9uYNQSzthV3h5/R11pGm97dAw/GSJi/UmhiGCQ, line 1: unreachable code after return statement
JavaScript warning: https://www.hotelcareer.de/aB7rS1WGB7nG/wzQ0StFQfY/Hi/S9uYNQSzthV3h5/R11pGm97dAw/GSJi/UmhiGCQ, line 1: WEBGL_debug_renderer_info is deprecated in Firefox and will be removed. Please use RENDERER.
JavaScript warning: https://www.hotelcareer.de/aB7rS1WGB7nG/wzQ0StFQfY/Hi/S9uYNQSzthV3h5/R11pGm97dAw/GSJi/UmhiGCQ, line 1: WEBGL_debug_renderer_info is deprecated in Firefox and will be removed. Please use RENDERER.
JavaScript warning: https://www.hotelcareer.de/aB7rS1WGB7nG/wzQ0StFQfY/Hi/S9uYOkSzthV3h5/R11pGm97dAw/ACMd/bDIkMw0, line 1: unreachable code after return statement
JavaScript warning: https://www.hotelcareer.de/aB7rS1WGB7nG/wzQ0StFQfY/Hi/S9uYOkSzthV3h5/R11pGm97dAw/ACMd/bDIkMw0, line 1: WEBGL_debug_renderer_info is deprecated in Firefox and will be removed. Please use RENDERER.
JavaScript warning: https://www.hotelcareer.de/aB7rS1WGB7nG/wzQ0StFQfY/Hi/S9uYOkSzthV3h5/R11pGm97dAw/ACMd/bDIkMw0, line 1: WEBGL_debug_renderer_info is deprecated in Firefox and will be removed. Please use RENDERER.
JavaScript warning: https://www.hotelcareer.de/aB7rS1WGB7nG/wzQ0StFQfY/Hi/S9uYNQSzthV3h5/R11pGm97dAw/GSJi/UmhiGCQ, line 1: unreachable code after return statement
JavaScript warning: https://www.hotelcareer.de/aB7rS1WGB7nG/wzQ0StFQfY/Hi/S9uYNQSzthV3h5/R11pGm97dAw/GSJi/UmhiGCQ, line 1: WEBGL_debug_renderer_info is deprecated in Firefox and will be removed. Please use RENDERER.
JavaScript warning: https://www.hotelcareer.de/aB7rS1WGB7nG/wzQ0StFQfY/Hi/S9uYNQSzthV3h5/R11pGm97dAw/GSJi/UmhiGCQ, line 1: WEBGL_debug_renderer_info is deprecated in Firefox and will be removed. Please use RENDERER.
JavaScript warning: https://www.hotelcareer.de/aB7rS1WGB7nG/wzQ0StFQfY/Hi/S9uYNQSzthV3h5/R11pGm97dAw/GSJi/UmhiGCQ, line 1: unreachable code after return statement
JavaScript warning: https://www.hotelcareer.de/aB7rS1WGB7nG/wzQ0StFQfY/Hi/S9uYNQSzthV3h5/R11pGm97dAw/GSJi/UmhiGCQ, line 1: WEBGL_debug_renderer_info is deprecated in Firefox and will be removed. Please use RENDERER.
JavaScript warning: https://www.hotelcareer.de/aB7rS1WGB7nG/wzQ0StFQfY/Hi/S9uYNQSzthV3h5/R11pGm97dAw/GSJi/UmhiGCQ, line 1: WEBGL_debug_renderer_info is deprecated in Firefox and will be removed. Please use RENDERER.
JavaScript warning: https://www.hotelcareer.de/aB7rS1WGB7nG/wzQ0StFQfY/Hi/S9uYNQSzthV3h5/R11pGm97dAw/GSJi/UmhiGCQ, line 1: unreachable code after return statement
JavaScript warning: https://www.hotelcareer.de/aB7rS1WGB7nG/wzQ0StFQfY/Hi/S9uYNQSzthV3h5/R11pGm97dAw/GSJi/UmhiGCQ, line 1: WEBGL_debug_renderer_info is deprecated in Firefox and will be removed. Please use RENDERER.
JavaScript warning: https://www.hotelcareer.de/aB7rS1WGB7nG/wzQ0StFQfY/Hi/S9uYNQSzthV3h5/R11pGm97dAw/GSJi/UmhiGCQ, line 1: WEBGL_debug_renderer_info is deprecated in Firefox and will be removed. Please use RENDERER.
JavaScript warning: https://www.hotelcareer.de/aB7rS1WGB7nG/wzQ0StFQfY/Hi/S9uYOkSzthV3h5/R11pGm97dAw/ACMd/bDIkMw0, line 1: unreachable code after return statement
JavaScript warning: https://www.hotelcareer.de/aB7rS1WGB7nG/wzQ0StFQfY/Hi/S9uYOkSzthV3h5/R11pGm97dAw/ACMd/bDIkMw0, line 1: WEBGL_debug_renderer_info is deprecated in Firefox and will be removed. Please use RENDERER.
JavaScript warning: https://www.hotelcareer.de/aB7rS1WGB7nG/wzQ0StFQfY/Hi/S9uYOkSzthV3h5/R11pGm97dAw/ACMd/bDIkMw0, line 1: WEBGL_debug_renderer_info is deprecated in Firefox and will be removed. Please use RENDERER.
JavaScript warning: https://www.hotelcareer.de/aB7rS1WGB7nG/wzQ0StFQfY/Hi/S9uYNQSzthV3h5/R11pGm97dAw/GSJi/UmhiGCQ, line 1: unreachable code after return statement
JavaScript warning: https://www.hotelcareer.de/aB7rS1WGB7nG/wzQ0StFQfY/Hi/S9uYNQSzthV3h5/R11pGm97dAw/GSJi/UmhiGCQ, line 1: WEBGL_debug_renderer_info is deprecated in Firefox and will be removed. Please use RENDERER.
JavaScript warning: https://www.hotelcareer.de/aB7rS1WGB7nG/wzQ0StFQfY/Hi/S9uYNQSzthV3h5/R11pGm97dAw/GSJi/UmhiGCQ, line 1: WEBGL_debug_renderer_info is deprecated in Firefox and will be removed. Please use RENDERER.
Exiting due to channel error.
Exiting due to channel error.
Exiting due to channel error.
Exiting due to channel error.
Exiting due to channel error.
1691944734311	geckodriver	INFO	Listening on 127.0.0.1:46459
1691944734852	mozrunner::runner	INFO	Running command: MOZ_CRASHREPORTER="1" MOZ_CRASHREPORTER_NO_REPORT="1" MOZ_CRASHREPORTER_SHUTDOWN="1" MOZ_NO_REMOTE="1" "/usr ... te" "--remote-debugging-port" "34317" "--remote-allow-hosts" "localhost" "-no-remote" "-profile" "/tmp/rust_mozprofilesmE1Me"
console.warn: services.settings: Ignoring preference override of remote settings server
console.warn: services.settings: Allow by setting MOZ_REMOTE_SETTINGS_DEVTOOLS=1 in the environment
[GFX1-]: vaapitest: ERROR
[GFX1-]: vaapitest: VA-API test failed: failed to initialise VAAPI connection.

ATTENTION: default value of option mesa_glthread overridden by environment.
1691944735409	Marionette	INFO	Marionette enabled
ATTENTION: default value of option mesa_glthread overridden by environment.
1691944735498	Marionette	INFO	Listening on port 36621
WebDriver BiDi listening on ws://127.0.0.1:34317
Read port: 36621
1691944735661	RemoteAgent	WARN	TLS certificate errors will be ignored for this session
console.error: ({})
DevTools listening on ws://127.0.0.1:34317/devtools/browser/1e1cef3d-77a9-4f37-aa88-655827708e0e
JavaScript warning: https://www.hotelcareer.de/aB7rS1WGB7nG/wzQ0StFQfY/Hi/S9uYOkSzthV3h5/R11pGm97dAw/ACMd/bDIkMw0, line 1: unreachable code after return statement
JavaScript warning: https://www.hotelcareer.de/aB7rS1WGB7nG/wzQ0StFQfY/Hi/S9uYOkSzthV3h5/R11pGm97dAw/ACMd/bDIkMw0, line 1: WEBGL_debug_renderer_info is deprecated in Firefox and will be removed. Please use RENDERER.
JavaScript warning: https://www.hotelcareer.de/aB7rS1WGB7nG/wzQ0StFQfY/Hi/S9uYOkSzthV3h5/R11pGm97dAw/ACMd/bDIkMw0, line 1: WEBGL_debug_renderer_info is deprecated in Firefox and will be removed. Please use RENDERER.
JavaScript warning: https://www.hotelcareer.de/aB7rS1WGB7nG/wzQ0StFQfY/Hi/S9uYNQSzthV3h5/R11pGm97dAw/GSJi/UmhiGCQ, line 1: unreachable code after return statement
JavaScript warning: https://www.hotelcareer.de/aB7rS1WGB7nG/wzQ0StFQfY/Hi/S9uYNQSzthV3h5/R11pGm97dAw/GSJi/UmhiGCQ, line 1: WEBGL_debug_renderer_info is deprecated in Firefox and will be removed. Please use RENDERER.
JavaScript warning: https://www.hotelcareer.de/aB7rS1WGB7nG/wzQ0StFQfY/Hi/S9uYNQSzthV3h5/R11pGm97dAw/GSJi/UmhiGCQ, line 1: WEBGL_debug_renderer_info is deprecated in Firefox and will be removed. Please use RENDERER.
JavaScript warning: https://www.hotelcareer.de/aB7rS1WGB7nG/wzQ0StFQfY/Hi/S9uYNQSzthV3h5/R11pGm97dAw/GSJi/UmhiGCQ, line 1: unreachable code after return statement
JavaScript warning: https://www.hotelcareer.de/aB7rS1WGB7nG/wzQ0StFQfY/Hi/S9uYNQSzthV3h5/R11pGm97dAw/GSJi/UmhiGCQ, line 1: WEBGL_debug_renderer_info is deprecated in Firefox and will be removed. Please use RENDERER.
JavaScript warning: https://www.hotelcareer.de/aB7rS1WGB7nG/wzQ0StFQfY/Hi/S9uYNQSzthV3h5/R11pGm97dAw/GSJi/UmhiGCQ, line 1: WEBGL_debug_renderer_info is deprecated in Firefox and will be removed. Please use RENDERER.
JavaScript warning: https://www.hotelcareer.de/aB7rS1WGB7nG/wzQ0StFQfY/Hi/S9uYNQSzthV3h5/R11pGm97dAw/GSJi/UmhiGCQ, line 1: unreachable code after return statement
JavaScript warning: https://www.hotelcareer.de/aB7rS1WGB7nG/wzQ0StFQfY/Hi/S9uYNQSzthV3h5/R11pGm97dAw/GSJi/UmhiGCQ, line 1: WEBGL_debug_renderer_info is deprecated in Firefox and will be removed. Please use RENDERER.
JavaScript warning: https://www.hotelcareer.de/aB7rS1WGB7nG/wzQ0StFQfY/Hi/S9uYNQSzthV3h5/R11pGm97dAw/GSJi/UmhiGCQ, line 1: WEBGL_debug_renderer_info is deprecated in Firefox and will be removed. Please use RENDERER.
JavaScript warning: https://www.hotelcareer.de/aB7rS1WGB7nG/wzQ0StFQfY/Hi/S9uYNQSzthV3h5/R11pGm97dAw/GSJi/UmhiGCQ, line 1: unreachable code after return statement
JavaScript warning: https://www.hotelcareer.de/aB7rS1WGB7nG/wzQ0StFQfY/Hi/S9uYNQSzthV3h5/R11pGm97dAw/GSJi/UmhiGCQ, line 1: WEBGL_debug_renderer_info is deprecated in Firefox and will be removed. Please use RENDERER.
JavaScript warning: https://www.hotelcareer.de/aB7rS1WGB7nG/wzQ0StFQfY/Hi/S9uYNQSzthV3h5/R11pGm97dAw/GSJi/UmhiGCQ, line 1: WEBGL_debug_renderer_info is deprecated in Firefox and will be removed. Please use RENDERER.
JavaScript warning: https://www.hotelcareer.de/aB7rS1WGB7nG/wzQ0StFQfY/Hi/S9uYNQSzthV3h5/R11pGm97dAw/GSJi/UmhiGCQ, line 1: unreachable code after return statement
JavaScript warning: https://www.hotelcareer.de/aB7rS1WGB7nG/wzQ0StFQfY/Hi/S9uYNQSzthV3h5/R11pGm97dAw/GSJi/UmhiGCQ, line 1: WEBGL_debug_renderer_info is deprecated in Firefox and will be removed. Please use RENDERER.
JavaScript warning: https://www.hotelcareer.de/aB7rS1WGB7nG/wzQ0StFQfY/Hi/S9uYOkSzthV3h5/R11pGm97dAw/ACMd/bDIkMw0, line 1: unreachable code after return statement
JavaScript warning: https://www.hotelcareer.de/aB7rS1WGB7nG/wzQ0StFQfY/Hi/S9uYOkSzthV3h5/R11pGm97dAw/ACMd/bDIkMw0, line 1: WEBGL_debug_renderer_info is deprecated in Firefox and will be removed. Please use RENDERER.
JavaScript warning: https://www.hotelcareer.de/aB7rS1WGB7nG/wzQ0StFQfY/Hi/S9uYOkSzthV3h5/R11pGm97dAw/ACMd/bDIkMw0, line 1: WEBGL_debug_renderer_info is deprecated in Firefox and will be removed. Please use RENDERER.
console.error: "update.locale" " file doesn't exist in either the application or GRE directories"
JavaScript warning: https://www.hotelcareer.de/aB7rS1WGB7nG/wzQ0StFQfY/Hi/S9uYNQSzthV3h5/R11pGm97dAw/GSJi/UmhiGCQ, line 1: unreachable code after return statement
JavaScript warning: https://www.hotelcareer.de/aB7rS1WGB7nG/wzQ0StFQfY/Hi/S9uYNQSzthV3h5/R11pGm97dAw/GSJi/UmhiGCQ, line 1: WEBGL_debug_renderer_info is deprecated in Firefox and will be removed. Please use RENDERER.
JavaScript warning: https://www.hotelcareer.de/aB7rS1WGB7nG/wzQ0StFQfY/Hi/S9uYNQSzthV3h5/R11pGm97dAw/GSJi/UmhiGCQ, line 1: WEBGL_debug_renderer_info is deprecated in Firefox and will be removed. Please use RENDERER.
JavaScript warning: https://www.hotelcareer.de/aB7rS1WGB7nG/wzQ0StFQfY/Hi/S9uYNQSzthV3h5/R11pGm97dAw/GSJi/UmhiGCQ, line 1: unreachable code after return statement
JavaScript warning: https://www.hotelcareer.de/aB7rS1WGB7nG/wzQ0StFQfY/Hi/S9uYNQSzthV3h5/R11pGm97dAw/GSJi/UmhiGCQ, line 1: WEBGL_debug_renderer_info is deprecated in Firefox and will be removed. Please use RENDERER.
JavaScript warning: https://www.hotelcareer.de/aB7rS1WGB7nG/wzQ0StFQfY/Hi/S9uYNQSzthV3h5/R11pGm97dAw/GSJi/UmhiGCQ, line 1: WEBGL_debug_renderer_info is deprecated in Firefox and will be removed. Please use RENDERER.
JavaScript warning: https://www.hotelcareer.de/aB7rS1WGB7nG/wzQ0StFQfY/Hi/S9uYNQSzthV3h5/R11pGm97dAw/GSJi/UmhiGCQ, line 1: unreachable code after return statement
JavaScript warning: https://www.hotelcareer.de/aB7rS1WGB7nG/wzQ0StFQfY/Hi/S9uYNQSzthV3h5/R11pGm97dAw/GSJi/UmhiGCQ, line 1: WEBGL_debug_renderer_info is deprecated in Firefox and will be removed. Please use RENDERER.
JavaScript warning: https://www.hotelcareer.de/aB7rS1WGB7nG/wzQ0StFQfY/Hi/S9uYNQSzthV3h5/R11pGm97dAw/GSJi/UmhiGCQ, line 1: WEBGL_debug_renderer_info is deprecated in Firefox and will be removed. Please use RENDERER.
JavaScript warning: https://www.hotelcareer.de/aB7rS1WGB7nG/wzQ0StFQfY/Hi/S9uYNQSzthV3h5/R11pGm97dAw/GSJi/UmhiGCQ, line 1: unreachable code after return statement
JavaScript warning: https://www.hotelcareer.de/aB7rS1WGB7nG/wzQ0StFQfY/Hi/S9uYNQSzthV3h5/R11pGm97dAw/GSJi/UmhiGCQ, line 1: WEBGL_debug_renderer_info is deprecated in Firefox and will be removed. Please use RENDERER.
JavaScript warning: https://www.hotelcareer.de/aB7rS1WGB7nG/wzQ0StFQfY/Hi/S9uYNQSzthV3h5/R11pGm97dAw/GSJi/UmhiGCQ, line 1: WEBGL_debug_renderer_info is deprecated in Firefox and will be removed. Please use RENDERER.
JavaScript warning: https://www.hotelcareer.de/aB7rS1WGB7nG/wzQ0StFQfY/Hi/S9uYNQSzthV3h5/R11pGm97dAw/GSJi/UmhiGCQ, line 1: unreachable code after return statement
JavaScript warning: https://www.hotelcareer.de/aB7rS1WGB7nG/wzQ0StFQfY/Hi/S9uYNQSzthV3h5/R11pGm97dAw/GSJi/UmhiGCQ, line 1: WEBGL_debug_renderer_info is deprecated in Firefox and will be removed. Please use RENDERER.
JavaScript warning: https://www.hotelcareer.de/aB7rS1WGB7nG/wzQ0StFQfY/Hi/S9uYNQSzthV3h5/R11pGm97dAw/GSJi/UmhiGCQ, line 1: WEBGL_debug_renderer_info is deprecated in Firefox and will be removed. Please use RENDERER.
JavaScript warning: https://www.hotelcareer.de/aB7rS1WGB7nG/wzQ0StFQfY/Hi/S9uYNQSzthV3h5/R11pGm97dAw/GSJi/UmhiGCQ, line 1: unreachable code after return statement
JavaScript warning: https://www.hotelcareer.de/aB7rS1WGB7nG/wzQ0StFQfY/Hi/S9uYNQSzthV3h5/R11pGm97dAw/GSJi/UmhiGCQ, line 1: WEBGL_debug_renderer_info is deprecated in Firefox and will be removed. Please use RENDERER.
JavaScript warning: https://www.hotelcareer.de/aB7rS1WGB7nG/wzQ0StFQfY/Hi/S9uYNQSzthV3h5/R11pGm97dAw/GSJi/UmhiGCQ, line 1: WEBGL_debug_renderer_info is deprecated in Firefox and will be removed. Please use RENDERER.
JavaScript warning: https://www.hotelcareer.de/aB7rS1WGB7nG/wzQ0StFQfY/Hi/S9uYNQSzthV3h5/R11pGm97dAw/GSJi/UmhiGCQ, line 1: unreachable code after return statement
JavaScript warning: https://www.hotelcareer.de/aB7rS1WGB7nG/wzQ0StFQfY/Hi/S9uYNQSzthV3h5/R11pGm97dAw/GSJi/UmhiGCQ, line 1: WEBGL_debug_renderer_info is deprecated in Firefox and will be removed. Please use RENDERER.
JavaScript warning: https://www.hotelcareer.de/aB7rS1WGB7nG/wzQ0StFQfY/Hi/S9uYNQSzthV3h5/R11pGm97dAw/GSJi/UmhiGCQ, line 1: WEBGL_debug_renderer_info is deprecated in Firefox and will be removed. Please use RENDERER.
JavaScript warning: https://www.hotelcareer.de/aB7rS1WGB7nG/wzQ0StFQfY/Hi/S9uYNQSzthV3h5/R11pGm97dAw/GSJi/UmhiGCQ, line 1: unreachable code after return statement
JavaScript warning: https://www.hotelcareer.de/aB7rS1WGB7nG/wzQ0StFQfY/Hi/S9uYNQSzthV3h5/R11pGm97dAw/GSJi/UmhiGCQ, line 1: WEBGL_debug_renderer_info is deprecated in Firefox and will be removed. Please use RENDERER.
JavaScript warning: https://www.hotelcareer.de/aB7rS1WGB7nG/wzQ0StFQfY/Hi/S9uYNQSzthV3h5/R11pGm97dAw/GSJi/UmhiGCQ, line 1: WEBGL_debug_renderer_info is deprecated in Firefox and will be removed. Please use RENDERER.
JavaScript warning: https://www.hotelcareer.de/aB7rS1WGB7nG/wzQ0StFQfY/Hi/S9uYNQSzthV3h5/R11pGm97dAw/GSJi/UmhiGCQ, line 1: unreachable code after return statement
JavaScript warning: https://www.hotelcareer.de/aB7rS1WGB7nG/wzQ0StFQfY/Hi/S9uYNQSzthV3h5/R11pGm97dAw/GSJi/UmhiGCQ, line 1: WEBGL_debug_renderer_info is deprecated in Firefox and will be removed. Please use RENDERER.
JavaScript warning: https://www.hotelcareer.de/aB7rS1WGB7nG/wzQ0StFQfY/Hi/S9uYNQSzthV3h5/R11pGm97dAw/GSJi/UmhiGCQ, line 1: WEBGL_debug_renderer_info is deprecated in Firefox and will be removed. Please use RENDERER.
JavaScript warning: https://www.hotelcareer.de/aB7rS1WGB7nG/wzQ0StFQfY/Hi/S9uYNQSzthV3h5/R11pGm97dAw/GSJi/UmhiGCQ, line 1: unreachable code after return statement
JavaScript warning: https://www.hotelcareer.de/aB7rS1WGB7nG/wzQ0StFQfY/Hi/S9uYNQSzthV3h5/R11pGm97dAw/GSJi/UmhiGCQ, line 1: WEBGL_debug_renderer_info is deprecated in Firefox and will be removed. Please use RENDERER.
JavaScript warning: https://www.hotelcareer.de/aB7rS1WGB7nG/wzQ0StFQfY/Hi/S9uYNQSzthV3h5/R11pGm97dAw/GSJi/UmhiGCQ, line 1: WEBGL_debug_renderer_info is deprecated in Firefox and will be removed. Please use RENDERER.
JavaScript warning: https://www.hotelcareer.de/aB7rS1WGB7nG/wzQ0StFQfY/Hi/S9uYOkSzthV3h5/R11pGm97dAw/ACMd/bDIkMw0, line 1: unreachable code after return statement
JavaScript warning: https://www.hotelcareer.de/aB7rS1WGB7nG/wzQ0StFQfY/Hi/S9uYOkSzthV3h5/R11pGm97dAw/ACMd/bDIkMw0, line 1: WEBGL_debug_renderer_info is deprecated in Firefox and will be removed. Please use RENDERER.
JavaScript warning: https://www.hotelcareer.de/aB7rS1WGB7nG/wzQ0StFQfY/Hi/S9uYOkSzthV3h5/R11pGm97dAw/ACMd/bDIkMw0, line 1: WEBGL_debug_renderer_info is deprecated in Firefox and will be removed. Please use RENDERER.
JavaScript warning: https://www.hotelcareer.de/aB7rS1WGB7nG/wzQ0StFQfY/Hi/S9uYNQSzthV3h5/R11pGm97dAw/GSJi/UmhiGCQ, line 1: unreachable code after return statement
JavaScript warning: https://www.hotelcareer.de/aB7rS1WGB7nG/wzQ0StFQfY/Hi/S9uYNQSzthV3h5/R11pGm97dAw/GSJi/UmhiGCQ, line 1: WEBGL_debug_renderer_info is deprecated in Firefox and will be removed. Please use RENDERER.
JavaScript warning: https://www.hotelcareer.de/aB7rS1WGB7nG/wzQ0StFQfY/Hi/S9uYNQSzthV3h5/R11pGm97dAw/GSJi/UmhiGCQ, line 1: WEBGL_debug_renderer_info is deprecated in Firefox and will be removed. Please use RENDERER.
JavaScript warning: https://www.hotelcareer.de/aB7rS1WGB7nG/wzQ0StFQfY/Hi/S9uYNQSzthV3h5/R11pGm97dAw/GSJi/UmhiGCQ, line 1: unreachable code after return statement
JavaScript warning: https://www.hotelcareer.de/aB7rS1WGB7nG/wzQ0StFQfY/Hi/S9uYNQSzthV3h5/R11pGm97dAw/GSJi/UmhiGCQ, line 1: WEBGL_debug_renderer_info is deprecated in Firefox and will be removed. Please use RENDERER.
JavaScript warning: https://www.hotelcareer.de/aB7rS1WGB7nG/wzQ0StFQfY/Hi/S9uYNQSzthV3h5/R11pGm97dAw/GSJi/UmhiGCQ, line 1: WEBGL_debug_renderer_info is deprecated in Firefox and will be removed. Please use RENDERER.
JavaScript warning: https://www.hotelcareer.de/aB7rS1WGB7nG/wzQ0StFQfY/Hi/S9uYNQSzthV3h5/R11pGm97dAw/GSJi/UmhiGCQ, line 1: unreachable code after return statement
JavaScript warning: https://www.hotelcareer.de/aB7rS1WGB7nG/wzQ0StFQfY/Hi/S9uYNQSzthV3h5/R11pGm97dAw/GSJi/UmhiGCQ, line 1: WEBGL_debug_renderer_info is deprecated in Firefox and will be removed. Please use RENDERER.
JavaScript warning: https://www.hotelcareer.de/aB7rS1WGB7nG/wzQ0StFQfY/Hi/S9uYNQSzthV3h5/R11pGm97dAw/GSJi/UmhiGCQ, line 1: WEBGL_debug_renderer_info is deprecated in Firefox and will be removed. Please use RENDERER.
JavaScript warning: https://www.hotelcareer.de/aB7rS1WGB7nG/wzQ0StFQfY/Hi/S9uYNQSzthV3h5/R11pGm97dAw/GSJi/UmhiGCQ, line 1: unreachable code after return statement
JavaScript warning: https://www.hotelcareer.de/aB7rS1WGB7nG/wzQ0StFQfY/Hi/S9uYNQSzthV3h5/R11pGm97dAw/GSJi/UmhiGCQ, line 1: WEBGL_debug_renderer_info is deprecated in Firefox and will be removed. Please use RENDERER.
JavaScript warning: https://www.hotelcareer.de/aB7rS1WGB7nG/wzQ0StFQfY/Hi/S9uYNQSzthV3h5/R11pGm97dAw/GSJi/UmhiGCQ, line 1: WEBGL_debug_renderer_info is deprecated in Firefox and will be removed. Please use RENDERER.
JavaScript warning: https://www.hotelcareer.de/aB7rS1WGB7nG/wzQ0StFQfY/Hi/S9uYNQSzthV3h5/R11pGm97dAw/GSJi/UmhiGCQ, line 1: unreachable code after return statement
JavaScript warning: https://www.hotelcareer.de/aB7rS1WGB7nG/wzQ0StFQfY/Hi/S9uYNQSzthV3h5/R11pGm97dAw/GSJi/UmhiGCQ, line 1: WEBGL_debug_renderer_info is deprecated in Firefox and will be removed. Please use RENDERER.
JavaScript warning: https://www.hotelcareer.de/aB7rS1WGB7nG/wzQ0StFQfY/Hi/S9uYNQSzthV3h5/R11pGm97dAw/GSJi/UmhiGCQ, line 1: WEBGL_debug_renderer_info is deprecated in Firefox and will be removed. Please use RENDERER.
JavaScript warning: https://www.hotelcareer.de/aB7rS1WGB7nG/wzQ0StFQfY/Hi/S9uYNQSzthV3h5/R11pGm97dAw/GSJi/UmhiGCQ, line 1: unreachable code after return statement
JavaScript warning: https://www.hotelcareer.de/aB7rS1WGB7nG/wzQ0StFQfY/Hi/S9uYNQSzthV3h5/R11pGm97dAw/GSJi/UmhiGCQ, line 1: WEBGL_debug_renderer_info is deprecated in Firefox and will be removed. Please use RENDERER.
JavaScript warning: https://www.hotelcareer.de/aB7rS1WGB7nG/wzQ0StFQfY/Hi/S9uYNQSzthV3h5/R11pGm97dAw/GSJi/UmhiGCQ, line 1: WEBGL_debug_renderer_info is deprecated in Firefox and will be removed. Please use RENDERER.
JavaScript warning: https://www.hotelcareer.de/aB7rS1WGB7nG/wzQ0StFQfY/Hi/S9uYOkSzthV3h5/R11pGm97dAw/ACMd/bDIkMw0, line 1: unreachable code after return statement
JavaScript warning: https://www.hotelcareer.de/aB7rS1WGB7nG/wzQ0StFQfY/Hi/S9uYOkSzthV3h5/R11pGm97dAw/ACMd/bDIkMw0, line 1: WEBGL_debug_renderer_info is deprecated in Firefox and will be removed. Please use RENDERER.
JavaScript warning: https://www.hotelcareer.de/aB7rS1WGB7nG/wzQ0StFQfY/Hi/S9uYOkSzthV3h5/R11pGm97dAw/ACMd/bDIkMw0, line 1: WEBGL_debug_renderer_info is deprecated in Firefox and will be removed. Please use RENDERER.
JavaScript warning: https://www.hotelcareer.de/aB7rS1WGB7nG/wzQ0StFQfY/Hi/S9uYNQSzthV3h5/R11pGm97dAw/GSJi/UmhiGCQ, line 1: unreachable code after return statement
JavaScript warning: https://www.hotelcareer.de/aB7rS1WGB7nG/wzQ0StFQfY/Hi/S9uYNQSzthV3h5/R11pGm97dAw/GSJi/UmhiGCQ, line 1: WEBGL_debug_renderer_info is deprecated in Firefox and will be removed. Please use RENDERER.
JavaScript warning: https://www.hotelcareer.de/aB7rS1WGB7nG/wzQ0StFQfY/Hi/S9uYNQSzthV3h5/R11pGm97dAw/GSJi/UmhiGCQ, line 1: WEBGL_debug_renderer_info is deprecated in Firefox and will be removed. Please use RENDERER.
JavaScript warning: https://www.hotelcareer.de/aB7rS1WGB7nG/wzQ0StFQfY/Hi/S9uYNQSzthV3h5/R11pGm97dAw/GSJi/UmhiGCQ, line 1: unreachable code after return statement
JavaScript warning: https://www.hotelcareer.de/aB7rS1WGB7nG/wzQ0StFQfY/Hi/S9uYNQSzthV3h5/R11pGm97dAw/GSJi/UmhiGCQ, line 1: WEBGL_debug_renderer_info is deprecated in Firefox and will be removed. Please use RENDERER.
JavaScript warning: https://www.hotelcareer.de/aB7rS1WGB7nG/wzQ0StFQfY/Hi/S9uYNQSzthV3h5/R11pGm97dAw/GSJi/UmhiGCQ, line 1: WEBGL_debug_renderer_info is deprecated in Firefox and will be removed. Please use RENDERER.
JavaScript warning: https://www.hotelcareer.de/aB7rS1WGB7nG/wzQ0StFQfY/Hi/S9uYNQSzthV3h5/R11pGm97dAw/GSJi/UmhiGCQ, line 1: unreachable code after return statement
JavaScript warning: https://www.hotelcareer.de/aB7rS1WGB7nG/wzQ0StFQfY/Hi/S9uYNQSzthV3h5/R11pGm97dAw/GSJi/UmhiGCQ, line 1: WEBGL_debug_renderer_info is deprecated in Firefox and will be removed. Please use RENDERER.
JavaScript warning: https://www.hotelcareer.de/aB7rS1WGB7nG/wzQ0StFQfY/Hi/S9uYNQSzthV3h5/R11pGm97dAw/GSJi/UmhiGCQ, line 1: WEBGL_debug_renderer_info is deprecated in Firefox and will be removed. Please use RENDERER.
JavaScript warning: https://www.hotelcareer.de/aB7rS1WGB7nG/wzQ0StFQfY/Hi/S9uYNQSzthV3h5/R11pGm97dAw/GSJi/UmhiGCQ, line 1: unreachable code after return statement
JavaScript warning: https://www.hotelcareer.de/aB7rS1WGB7nG/wzQ0StFQfY/Hi/S9uYNQSzthV3h5/R11pGm97dAw/GSJi/UmhiGCQ, line 1: WEBGL_debug_renderer_info is deprecated in Firefox and will be removed. Please use RENDERER.
JavaScript warning: https://www.hotelcareer.de/aB7rS1WGB7nG/wzQ0StFQfY/Hi/S9uYNQSzthV3h5/R11pGm97dAw/GSJi/UmhiGCQ, line 1: WEBGL_debug_renderer_info is deprecated in Firefox and will be removed. Please use RENDERER.
JavaScript warning: https://www.hotelcareer.de/aB7rS1WGB7nG/wzQ0StFQfY/Hi/S9uYNQSzthV3h5/R11pGm97dAw/GSJi/UmhiGCQ, line 1: unreachable code after return statement
JavaScript warning: https://www.hotelcareer.de/aB7rS1WGB7nG/wzQ0StFQfY/Hi/S9uYNQSzthV3h5/R11pGm97dAw/GSJi/UmhiGCQ, line 1: WEBGL_debug_renderer_info is deprecated in Firefox and will be removed. Please use RENDERER.
JavaScript warning: https://www.hotelcareer.de/aB7rS1WGB7nG/wzQ0StFQfY/Hi/S9uYNQSzthV3h5/R11pGm97dAw/GSJi/UmhiGCQ, line 1: WEBGL_debug_renderer_info is deprecated in Firefox and will be removed. Please use RENDERER.
JavaScript warning: https://www.hotelcareer.de/aB7rS1WGB7nG/wzQ0StFQfY/Hi/S9uYNQSzthV3h5/R11pGm97dAw/GSJi/UmhiGCQ, line 1: unreachable code after return statement
JavaScript warning: https://www.hotelcareer.de/aB7rS1WGB7nG/wzQ0StFQfY/Hi/S9uYNQSzthV3h5/R11pGm97dAw/GSJi/UmhiGCQ, line 1: WEBGL_debug_renderer_info is deprecated in Firefox and will be removed. Please use RENDERER.
JavaScript warning: https://www.hotelcareer.de/aB7rS1WGB7nG/wzQ0StFQfY/Hi/S9uYNQSzthV3h5/R11pGm97dAw/GSJi/UmhiGCQ, line 1: WEBGL_debug_renderer_info is deprecated in Firefox and will be removed. Please use RENDERER.
JavaScript warning: https://www.hotelcareer.de/aB7rS1WGB7nG/wzQ0StFQfY/Hi/S9uYNQSzthV3h5/R11pGm97dAw/GSJi/UmhiGCQ, line 1: unreachable code after return statement
JavaScript warning: https://www.hotelcareer.de/aB7rS1WGB7nG/wzQ0StFQfY/Hi/S9uYNQSzthV3h5/R11pGm97dAw/GSJi/UmhiGCQ, line 1: WEBGL_debug_renderer_info is deprecated in Firefox and will be removed. Please use RENDERER.
JavaScript warning: https://www.hotelcareer.de/aB7rS1WGB7nG/wzQ0StFQfY/Hi/S9uYNQSzthV3h5/R11pGm97dAw/GSJi/UmhiGCQ, line 1: WEBGL_debug_renderer_info is deprecated in Firefox and will be removed. Please use RENDERER.
JavaScript warning: https://www.hotelcareer.de/aB7rS1WGB7nG/wzQ0StFQfY/Hi/S9uYNQSzthV3h5/R11pGm97dAw/GSJi/UmhiGCQ, line 1: unreachable code after return statement
JavaScript warning: https://www.hotelcareer.de/aB7rS1WGB7nG/wzQ0StFQfY/Hi/S9uYNQSzthV3h5/R11pGm97dAw/GSJi/UmhiGCQ, line 1: WEBGL_debug_renderer_info is deprecated in Firefox and will be removed. Please use RENDERER.
JavaScript warning: https://www.hotelcareer.de/aB7rS1WGB7nG/wzQ0StFQfY/Hi/S9uYOkSzthV3h5/R11pGm97dAw/ACMd/bDIkMw0, line 1: unreachable code after return statement
JavaScript warning: https://www.hotelcareer.de/aB7rS1WGB7nG/wzQ0StFQfY/Hi/S9uYOkSzthV3h5/R11pGm97dAw/ACMd/bDIkMw0, line 1: WEBGL_debug_renderer_info is deprecated in Firefox and will be removed. Please use RENDERER.
JavaScript warning: https://www.hotelcareer.de/aB7rS1WGB7nG/wzQ0StFQfY/Hi/S9uYOkSzthV3h5/R11pGm97dAw/ACMd/bDIkMw0, line 1: WEBGL_debug_renderer_info is deprecated in Firefox and will be removed. Please use RENDERER.
JavaScript warning: https://www.hotelcareer.de/aB7rS1WGB7nG/wzQ0StFQfY/Hi/S9uYNQSzthV3h5/R11pGm97dAw/GSJi/UmhiGCQ, line 1: unreachable code after return statement
JavaScript warning: https://www.hotelcareer.de/aB7rS1WGB7nG/wzQ0StFQfY/Hi/S9uYNQSzthV3h5/R11pGm97dAw/GSJi/UmhiGCQ, line 1: WEBGL_debug_renderer_info is deprecated in Firefox and will be removed. Please use RENDERER.
JavaScript warning: https://www.hotelcareer.de/aB7rS1WGB7nG/wzQ0StFQfY/Hi/S9uYNQSzthV3h5/R11pGm97dAw/GSJi/UmhiGCQ, line 1: WEBGL_debug_renderer_info is deprecated in Firefox and will be removed. Please use RENDERER.
JavaScript warning: https://www.hotelcareer.de/aB7rS1WGB7nG/wzQ0StFQfY/Hi/S9uYNQSzthV3h5/R11pGm97dAw/GSJi/UmhiGCQ, line 1: unreachable code after return statement
JavaScript warning: https://www.hotelcareer.de/aB7rS1WGB7nG/wzQ0StFQfY/Hi/S9uYNQSzthV3h5/R11pGm97dAw/GSJi/UmhiGCQ, line 1: WEBGL_debug_renderer_info is deprecated in Firefox and will be removed. Please use RENDERER.
JavaScript warning: https://www.hotelcareer.de/aB7rS1WGB7nG/wzQ0StFQfY/Hi/S9uYNQSzthV3h5/R11pGm97dAw/GSJi/UmhiGCQ, line 1: WEBGL_debug_renderer_info is deprecated in Firefox and will be removed. Please use RENDERER.
JavaScript warning: https://www.hotelcareer.de/aB7rS1WGB7nG/wzQ0StFQfY/Hi/S9uYNQSzthV3h5/R11pGm97dAw/GSJi/UmhiGCQ, line 1: unreachable code after return statement
JavaScript warning: https://www.hotelcareer.de/aB7rS1WGB7nG/wzQ0StFQfY/Hi/S9uYNQSzthV3h5/R11pGm97dAw/GSJi/UmhiGCQ, line 1: WEBGL_debug_renderer_info is deprecated in Firefox and will be removed. Please use RENDERER.
JavaScript warning: https://www.hotelcareer.de/aB7rS1WGB7nG/wzQ0StFQfY/Hi/S9uYOkSzthV3h5/R11pGm97dAw/ACMd/bDIkMw0, line 1: unreachable code after return statement
JavaScript warning: https://www.hotelcareer.de/aB7rS1WGB7nG/wzQ0StFQfY/Hi/S9uYOkSzthV3h5/R11pGm97dAw/ACMd/bDIkMw0, line 1: WEBGL_debug_renderer_info is deprecated in Firefox and will be removed. Please use RENDERER.
JavaScript warning: https://www.hotelcareer.de/aB7rS1WGB7nG/wzQ0StFQfY/Hi/S9uYOkSzthV3h5/R11pGm97dAw/ACMd/bDIkMw0, line 1: WEBGL_debug_renderer_info is deprecated in Firefox and will be removed. Please use RENDERER.
JavaScript warning: https://www.hotelcareer.de/aB7rS1WGB7nG/wzQ0StFQfY/Hi/S9uYNQSzthV3h5/R11pGm97dAw/GSJi/UmhiGCQ, line 1: unreachable code after return statement
JavaScript warning: https://www.hotelcareer.de/aB7rS1WGB7nG/wzQ0StFQfY/Hi/S9uYNQSzthV3h5/R11pGm97dAw/GSJi/UmhiGCQ, line 1: WEBGL_debug_renderer_info is deprecated in Firefox and will be removed. Please use RENDERER.
JavaScript warning: https://www.hotelcareer.de/aB7rS1WGB7nG/wzQ0StFQfY/Hi/S9uYNQSzthV3h5/R11pGm97dAw/GSJi/UmhiGCQ, line 1: WEBGL_debug_renderer_info is deprecated in Firefox and will be removed. Please use RENDERER.
JavaScript warning: https://www.hotelcareer.de/aB7rS1WGB7nG/wzQ0StFQfY/Hi/S9uYNQSzthV3h5/R11pGm97dAw/GSJi/UmhiGCQ, line 1: unreachable code after return statement
JavaScript warning: https://www.hotelcareer.de/aB7rS1WGB7nG/wzQ0StFQfY/Hi/S9uYNQSzthV3h5/R11pGm97dAw/GSJi/UmhiGCQ, line 1: WEBGL_debug_renderer_info is deprecated in Firefox and will be removed. Please use RENDERER.
JavaScript warning: https://www.hotelcareer.de/aB7rS1WGB7nG/wzQ0StFQfY/Hi/S9uYNQSzthV3h5/R11pGm97dAw/GSJi/UmhiGCQ, line 1: WEBGL_debug_renderer_info is deprecated in Firefox and will be removed. Please use RENDERER.
JavaScript warning: https://www.hotelcareer.de/aB7rS1WGB7nG/wzQ0StFQfY/Hi/S9uYNQSzthV3h5/R11pGm97dAw/GSJi/UmhiGCQ, line 1: unreachable code after return statement
JavaScript warning: https://www.hotelcareer.de/aB7rS1WGB7nG/wzQ0StFQfY/Hi/S9uYNQSzthV3h5/R11pGm97dAw/GSJi/UmhiGCQ, line 1: WEBGL_debug_renderer_info is deprecated in Firefox and will be removed. Please use RENDERER.
JavaScript warning: https://www.hotelcareer.de/aB7rS1WGB7nG/wzQ0StFQfY/Hi/S9uYOkSzthV3h5/R11pGm97dAw/ACMd/bDIkMw0, line 1: unreachable code after return statement
JavaScript warning: https://www.hotelcareer.de/aB7rS1WGB7nG/wzQ0StFQfY/Hi/S9uYOkSzthV3h5/R11pGm97dAw/ACMd/bDIkMw0, line 1: WEBGL_debug_renderer_info is deprecated in Firefox and will be removed. Please use RENDERER.
JavaScript warning: https://www.hotelcareer.de/aB7rS1WGB7nG/wzQ0StFQfY/Hi/S9uYOkSzthV3h5/R11pGm97dAw/ACMd/bDIkMw0, line 1: WEBGL_debug_renderer_info is deprecated in Firefox and will be removed. Please use RENDERER.
JavaScript warning: https://www.hotelcareer.de/aB7rS1WGB7nG/wzQ0StFQfY/Hi/S9uYNQSzthV3h5/R11pGm97dAw/GSJi/UmhiGCQ, line 1: unreachable code after return statement
JavaScript warning: https://www.hotelcareer.de/aB7rS1WGB7nG/wzQ0StFQfY/Hi/S9uYNQSzthV3h5/R11pGm97dAw/GSJi/UmhiGCQ, line 1: WEBGL_debug_renderer_info is deprecated in Firefox and will be removed. Please use RENDERER.
JavaScript warning: https://www.hotelcareer.de/aB7rS1WGB7nG/wzQ0StFQfY/Hi/S9uYNQSzthV3h5/R11pGm97dAw/GSJi/UmhiGCQ, line 1: WEBGL_debug_renderer_info is deprecated in Firefox and will be removed. Please use RENDERER.
JavaScript warning: https://www.hotelcareer.de/aB7rS1WGB7nG/wzQ0StFQfY/Hi/S9uYNQSzthV3h5/R11pGm97dAw/GSJi/UmhiGCQ, line 1: unreachable code after return statement
JavaScript warning: https://www.hotelcareer.de/aB7rS1WGB7nG/wzQ0StFQfY/Hi/S9uYNQSzthV3h5/R11pGm97dAw/GSJi/UmhiGCQ, line 1: WEBGL_debug_renderer_info is deprecated in Firefox and will be removed. Please use RENDERER.
JavaScript warning: https://www.hotelcareer.de/aB7rS1WGB7nG/wzQ0StFQfY/Hi/S9uYNQSzthV3h5/R11pGm97dAw/GSJi/UmhiGCQ, line 1: WEBGL_debug_renderer_info is deprecated in Firefox and will be removed. Please use RENDERER.
JavaScript warning: https://www.hotelcareer.de/aB7rS1WGB7nG/wzQ0StFQfY/Hi/S9uYNQSzthV3h5/R11pGm97dAw/GSJi/UmhiGCQ, line 1: unreachable code after return statement
JavaScript warning: https://www.hotelcareer.de/aB7rS1WGB7nG/wzQ0StFQfY/Hi/S9uYNQSzthV3h5/R11pGm97dAw/GSJi/UmhiGCQ, line 1: WEBGL_debug_renderer_info is deprecated in Firefox and will be removed. Please use RENDERER.
JavaScript warning: https://www.hotelcareer.de/aB7rS1WGB7nG/wzQ0StFQfY/Hi/S9uYNQSzthV3h5/R11pGm97dAw/GSJi/UmhiGCQ, line 1: WEBGL_debug_renderer_info is deprecated in Firefox and will be removed. Please use RENDERER.
JavaScript warning: https://www.hotelcareer.de/aB7rS1WGB7nG/wzQ0StFQfY/Hi/S9uYNQSzthV3h5/R11pGm97dAw/GSJi/UmhiGCQ, line 1: unreachable code after return statement
JavaScript warning: https://www.hotelcareer.de/aB7rS1WGB7nG/wzQ0StFQfY/Hi/S9uYNQSzthV3h5/R11pGm97dAw/GSJi/UmhiGCQ, line 1: WEBGL_debug_renderer_info is deprecated in Firefox and will be removed. Please use RENDERER.
JavaScript warning: https://www.hotelcareer.de/aB7rS1WGB7nG/wzQ0StFQfY/Hi/S9uYNQSzthV3h5/R11pGm97dAw/GSJi/UmhiGCQ, line 1: WEBGL_debug_renderer_info is deprecated in Firefox and will be removed. Please use RENDERER.
JavaScript warning: https://www.hotelcareer.de/aB7rS1WGB7nG/wzQ0StFQfY/Hi/S9uYNQSzthV3h5/R11pGm97dAw/GSJi/UmhiGCQ, line 1: unreachable code after return statement
Exiting due to channel error.
Exiting due to channel error.
Exiting due to channel error.
Exiting due to channel error.
Exiting due to channel error.
